[2019-10-23 11:44:22] local.ERROR: Class 'Jarplay\InventoryModule\InventoryModuleServiceProvider' not found {"exception":"[object] (Symfony\\Component\\Debug\\Exception\\FatalThrowableError(code: 0): Class 'Jarplay\\InventoryModule\\InventoryModuleServiceProvider' not found at /Users/naingaunglu/Documents/NAL/Workspace/Work/demo-api/vendor/laravel/framework/src/Illuminate/Foundation/ProviderRepository.php:208)
[stacktrace]
#0 /Users/naingaunglu/Documents/NAL/Workspace/Work/demo-api/vendor/laravel/framework/src/Illuminate/Foundation/ProviderRepository.php(144): Illuminate\\Foundation\\ProviderRepository->createProvider('Jarplay\\\\Invento...')
#1 /Users/naingaunglu/Documents/NAL/Workspace/Work/demo-api/vendor/laravel/framework/src/Illuminate/Foundation/ProviderRepository.php(61): Illuminate\\Foundation\\ProviderRepository->compileManifest(Array)
#2 /Users/naingaunglu/Documents/NAL/Workspace/Work/demo-api/vendor/laravel/framework/src/Illuminate/Foundation/Application.php(584): Illuminate\\Foundation\\ProviderRepository->load(Array)
#3 /Users/naingaunglu/Documents/NAL/Workspace/Work/demo-api/vendor/laravel/framework/src/Illuminate/Foundation/Bootstrap/RegisterProviders.php(17): Illuminate\\Foundation\\Application->registerConfiguredProviders()
#4 /Users/naingaunglu/Documents/NAL/Workspace/Work/demo-api/vendor/laravel/framework/src/Illuminate/Foundation/Application.php(210): Illuminate\\Foundation\\Bootstrap\\RegisterProviders->bootstrap(Object(Illuminate\\Foundation\\Application))
#5 /Users/naingaunglu/Documents/NAL/Workspace/Work/demo-api/vendor/laravel/framework/src/Illuminate/Foundation/Console/Kernel.php(322): Illuminate\\Foundation\\Application->bootstrapWith(Array)
#6 /Users/naingaunglu/Documents/NAL/Workspace/Work/demo-api/vendor/laravel/framework/src/Illuminate/Foundation/Console/Kernel.php(131): Illuminate\\Foundation\\Console\\Kernel->bootstrap()
#7 /Users/naingaunglu/Documents/NAL/Workspace/Work/demo-api/artisan(37): Illuminate\\Foundation\\Console\\Kernel->handle(Object(Symfony\\Component\\Console\\Input\\ArgvInput), Object(Symfony\\Component\\Console\\Output\\ConsoleOutput))
#8 {main}
"} 
[2019-10-23 11:45:19] local.ERROR: Class 'Jarplay\InventoryModule\InventoryModuleServiceProvider' not found {"exception":"[object] (Symfony\\Component\\Debug\\Exception\\FatalThrowableError(code: 0): Class 'Jarplay\\InventoryModule\\InventoryModuleServiceProvider' not found at /Users/naingaunglu/Documents/NAL/Workspace/Work/demo-api/vendor/laravel/framework/src/Illuminate/Foundation/ProviderRepository.php:208)
[stacktrace]
#0 /Users/naingaunglu/Documents/NAL/Workspace/Work/demo-api/vendor/laravel/framework/src/Illuminate/Foundation/ProviderRepository.php(144): Illuminate\\Foundation\\ProviderRepository->createProvider('Jarplay\\\\Invento...')
#1 /Users/naingaunglu/Documents/NAL/Workspace/Work/demo-api/vendor/laravel/framework/src/Illuminate/Foundation/ProviderRepository.php(61): Illuminate\\Foundation\\ProviderRepository->compileManifest(Array)
#2 /Users/naingaunglu/Documents/NAL/Workspace/Work/demo-api/vendor/laravel/framework/src/Illuminate/Foundation/Application.php(584): Illuminate\\Foundation\\ProviderRepository->load(Array)
#3 /Users/naingaunglu/Documents/NAL/Workspace/Work/demo-api/vendor/laravel/framework/src/Illuminate/Foundation/Bootstrap/RegisterProviders.php(17): Illuminate\\Foundation\\Application->registerConfiguredProviders()
#4 /Users/naingaunglu/Documents/NAL/Workspace/Work/demo-api/vendor/laravel/framework/src/Illuminate/Foundation/Application.php(210): Illuminate\\Foundation\\Bootstrap\\RegisterProviders->bootstrap(Object(Illuminate\\Foundation\\Application))
#5 /Users/naingaunglu/Documents/NAL/Workspace/Work/demo-api/vendor/laravel/framework/src/Illuminate/Foundation/Console/Kernel.php(322): Illuminate\\Foundation\\Application->bootstrapWith(Array)
#6 /Users/naingaunglu/Documents/NAL/Workspace/Work/demo-api/vendor/laravel/framework/src/Illuminate/Foundation/Console/Kernel.php(131): Illuminate\\Foundation\\Console\\Kernel->bootstrap()
#7 /Users/naingaunglu/Documents/NAL/Workspace/Work/demo-api/artisan(37): Illuminate\\Foundation\\Console\\Kernel->handle(Object(Symfony\\Component\\Console\\Input\\ArgvInput), Object(Symfony\\Component\\Console\\Output\\ConsoleOutput))
#8 {main}
"} 
[2019-10-23 11:45:40] local.ERROR: Class 'Jarplay\InventoryModule\InventoryModuleServiceProvider' not found {"exception":"[object] (Symfony\\Component\\Debug\\Exception\\FatalThrowableError(code: 0): Class 'Jarplay\\InventoryModule\\InventoryModuleServiceProvider' not found at /Users/naingaunglu/Documents/NAL/Workspace/Work/demo-api/vendor/laravel/framework/src/Illuminate/Foundation/ProviderRepository.php:208)
[stacktrace]
#0 /Users/naingaunglu/Documents/NAL/Workspace/Work/demo-api/vendor/laravel/framework/src/Illuminate/Foundation/ProviderRepository.php(144): Illuminate\\Foundation\\ProviderRepository->createProvider('Jarplay\\\\Invento...')
#1 /Users/naingaunglu/Documents/NAL/Workspace/Work/demo-api/vendor/laravel/framework/src/Illuminate/Foundation/ProviderRepository.php(61): Illuminate\\Foundation\\ProviderRepository->compileManifest(Array)
#2 /Users/naingaunglu/Documents/NAL/Workspace/Work/demo-api/vendor/laravel/framework/src/Illuminate/Foundation/Application.php(584): Illuminate\\Foundation\\ProviderRepository->load(Array)
#3 /Users/naingaunglu/Documents/NAL/Workspace/Work/demo-api/vendor/laravel/framework/src/Illuminate/Foundation/Bootstrap/RegisterProviders.php(17): Illuminate\\Foundation\\Application->registerConfiguredProviders()
#4 /Users/naingaunglu/Documents/NAL/Workspace/Work/demo-api/vendor/laravel/framework/src/Illuminate/Foundation/Application.php(210): Illuminate\\Foundation\\Bootstrap\\RegisterProviders->bootstrap(Object(Illuminate\\Foundation\\Application))
#5 /Users/naingaunglu/Documents/NAL/Workspace/Work/demo-api/vendor/laravel/framework/src/Illuminate/Foundation/Console/Kernel.php(322): Illuminate\\Foundation\\Application->bootstrapWith(Array)
#6 /Users/naingaunglu/Documents/NAL/Workspace/Work/demo-api/vendor/laravel/framework/src/Illuminate/Foundation/Console/Kernel.php(131): Illuminate\\Foundation\\Console\\Kernel->bootstrap()
#7 /Users/naingaunglu/Documents/NAL/Workspace/Work/demo-api/artisan(37): Illuminate\\Foundation\\Console\\Kernel->handle(Object(Symfony\\Component\\Console\\Input\\ArgvInput), Object(Symfony\\Component\\Console\\Output\\ConsoleOutput))
#8 {main}
"} 
[2019-10-23 11:46:18] local.ERROR: Class 'Jarplay\InventoryModule\InventoryModuleServiceProvider' not found {"exception":"[object] (Symfony\\Component\\Debug\\Exception\\FatalThrowableError(code: 0): Class 'Jarplay\\InventoryModule\\InventoryModuleServiceProvider' not found at /Users/naingaunglu/Documents/NAL/Workspace/Work/demo-api/vendor/laravel/framework/src/Illuminate/Foundation/ProviderRepository.php:208)
[stacktrace]
#0 /Users/naingaunglu/Documents/NAL/Workspace/Work/demo-api/vendor/laravel/framework/src/Illuminate/Foundation/ProviderRepository.php(144): Illuminate\\Foundation\\ProviderRepository->createProvider('Jarplay\\\\Invento...')
#1 /Users/naingaunglu/Documents/NAL/Workspace/Work/demo-api/vendor/laravel/framework/src/Illuminate/Foundation/ProviderRepository.php(61): Illuminate\\Foundation\\ProviderRepository->compileManifest(Array)
#2 /Users/naingaunglu/Documents/NAL/Workspace/Work/demo-api/vendor/laravel/framework/src/Illuminate/Foundation/Application.php(584): Illuminate\\Foundation\\ProviderRepository->load(Array)
#3 /Users/naingaunglu/Documents/NAL/Workspace/Work/demo-api/vendor/laravel/framework/src/Illuminate/Foundation/Bootstrap/RegisterProviders.php(17): Illuminate\\Foundation\\Application->registerConfiguredProviders()
#4 /Users/naingaunglu/Documents/NAL/Workspace/Work/demo-api/vendor/laravel/framework/src/Illuminate/Foundation/Application.php(210): Illuminate\\Foundation\\Bootstrap\\RegisterProviders->bootstrap(Object(Illuminate\\Foundation\\Application))
#5 /Users/naingaunglu/Documents/NAL/Workspace/Work/demo-api/vendor/laravel/framework/src/Illuminate/Foundation/Console/Kernel.php(322): Illuminate\\Foundation\\Application->bootstrapWith(Array)
#6 /Users/naingaunglu/Documents/NAL/Workspace/Work/demo-api/vendor/laravel/framework/src/Illuminate/Foundation/Console/Kernel.php(131): Illuminate\\Foundation\\Console\\Kernel->bootstrap()
#7 /Users/naingaunglu/Documents/NAL/Workspace/Work/demo-api/artisan(37): Illuminate\\Foundation\\Console\\Kernel->handle(Object(Symfony\\Component\\Console\\Input\\ArgvInput), Object(Symfony\\Component\\Console\\Output\\ConsoleOutput))
#8 {main}
"} 
[2019-10-23 11:46:45] local.ERROR: Class 'Jarplay\InventoryModule\InventoryModuleServiceProvider' not found {"exception":"[object] (Symfony\\Component\\Debug\\Exception\\FatalThrowableError(code: 0): Class 'Jarplay\\InventoryModule\\InventoryModuleServiceProvider' not found at /Users/naingaunglu/Documents/NAL/Workspace/Work/demo-api/vendor/laravel/framework/src/Illuminate/Foundation/ProviderRepository.php:208)
[stacktrace]
#0 /Users/naingaunglu/Documents/NAL/Workspace/Work/demo-api/vendor/laravel/framework/src/Illuminate/Foundation/ProviderRepository.php(144): Illuminate\\Foundation\\ProviderRepository->createProvider('Jarplay\\\\Invento...')
#1 /Users/naingaunglu/Documents/NAL/Workspace/Work/demo-api/vendor/laravel/framework/src/Illuminate/Foundation/ProviderRepository.php(61): Illuminate\\Foundation\\ProviderRepository->compileManifest(Array)
#2 /Users/naingaunglu/Documents/NAL/Workspace/Work/demo-api/vendor/laravel/framework/src/Illuminate/Foundation/Application.php(584): Illuminate\\Foundation\\ProviderRepository->load(Array)
#3 /Users/naingaunglu/Documents/NAL/Workspace/Work/demo-api/vendor/laravel/framework/src/Illuminate/Foundation/Bootstrap/RegisterProviders.php(17): Illuminate\\Foundation\\Application->registerConfiguredProviders()
#4 /Users/naingaunglu/Documents/NAL/Workspace/Work/demo-api/vendor/laravel/framework/src/Illuminate/Foundation/Application.php(210): Illuminate\\Foundation\\Bootstrap\\RegisterProviders->bootstrap(Object(Illuminate\\Foundation\\Application))
#5 /Users/naingaunglu/Documents/NAL/Workspace/Work/demo-api/vendor/laravel/framework/src/Illuminate/Foundation/Console/Kernel.php(322): Illuminate\\Foundation\\Application->bootstrapWith(Array)
#6 /Users/naingaunglu/Documents/NAL/Workspace/Work/demo-api/vendor/laravel/framework/src/Illuminate/Foundation/Console/Kernel.php(131): Illuminate\\Foundation\\Console\\Kernel->bootstrap()
#7 /Users/naingaunglu/Documents/NAL/Workspace/Work/demo-api/artisan(37): Illuminate\\Foundation\\Console\\Kernel->handle(Object(Symfony\\Component\\Console\\Input\\ArgvInput), Object(Symfony\\Component\\Console\\Output\\ConsoleOutput))
#8 {main}
"} 
[2019-10-23 11:47:11] local.DEBUG: array (
  'table_name' => 'demo',
  'model_name' => 'Demo',
  'variable_name' => 'demo',
  'title' => 'Demo',
  'route' => 'demo',
  'storage_path' => '/Users/naingaunglu/Documents/NAL/Workspace/Work/demo-api/storage/app/public',
  'blueprint_path' => '/Users/naingaunglu/Documents/NAL/Workspace/Work/demo-api/storage/blueprints',
  'workspace' => 'jarplay',
  'module' => 'order-module',
  'workspace_name' => 'Jarplay',
  'module_name' => 'OrderModule',
  'module_title' => 'Order Module',
  'module_base_title' => 'Order',
  'namespace' => 'Jarplay\\OrderModule',
  'base_path' => '/Users/naingaunglu/Documents/NAL/Workspace/Work/demo-api/packages/jarplay/order-module/src',
)  
[2019-10-23 11:47:18] local.DEBUG: array (
  'table_name' => 'demo',
  'model_name' => 'Demo',
  'variable_name' => 'demo',
  'title' => 'Demo',
  'route' => 'demo',
  'storage_path' => '/Users/naingaunglu/Documents/NAL/Workspace/Work/demo-api/storage/app/public',
  'blueprint_path' => '/Users/naingaunglu/Documents/NAL/Workspace/Work/demo-api/storage/blueprints',
  'workspace' => 'jarplay',
  'module' => 'inventory-module',
  'workspace_name' => 'Jarplay',
  'module_name' => 'InventoryModule',
  'module_title' => 'Inventory Module',
  'module_base_title' => 'Inventory',
  'namespace' => 'Jarplay\\InventoryModule',
  'base_path' => '/Users/naingaunglu/Documents/NAL/Workspace/Work/demo-api/packages/jarplay/inventory-module/src',
)  
[2019-10-23 11:47:28] local.DEBUG: array (
  'table_name' => 'products',
  'model_name' => 'Product',
  'variable_name' => 'product',
  'title' => 'Product',
  'route' => 'product',
  'storage_path' => '/Users/naingaunglu/Documents/NAL/Workspace/Work/demo-api/storage/app/public',
  'blueprint_path' => '/Users/naingaunglu/Documents/NAL/Workspace/Work/demo-api/storage/blueprints',
  'workspace' => 'jarplay',
  'module' => 'inventory-module',
  'workspace_name' => 'Jarplay',
  'module_name' => 'InventoryModule',
  'module_title' => 'Inventory Module',
  'module_base_title' => 'Inventory',
  'namespace' => 'Jarplay\\InventoryModule',
  'base_path' => '/Users/naingaunglu/Documents/NAL/Workspace/Work/demo-api/packages/jarplay/inventory-module/src',
)  
[2019-10-23 11:48:10] local.ERROR: Class 'Jarplay\InventoryModule\InventoryModuleServiceProvider' not found {"exception":"[object] (Symfony\\Component\\Debug\\Exception\\FatalThrowableError(code: 0): Class 'Jarplay\\InventoryModule\\InventoryModuleServiceProvider' not found at /Users/naingaunglu/Documents/NAL/Workspace/Work/demo-api/vendor/laravel/framework/src/Illuminate/Foundation/ProviderRepository.php:208)
[stacktrace]
#0 /Users/naingaunglu/Documents/NAL/Workspace/Work/demo-api/vendor/laravel/framework/src/Illuminate/Foundation/ProviderRepository.php(144): Illuminate\\Foundation\\ProviderRepository->createProvider('Jarplay\\\\Invento...')
#1 /Users/naingaunglu/Documents/NAL/Workspace/Work/demo-api/vendor/laravel/framework/src/Illuminate/Foundation/ProviderRepository.php(61): Illuminate\\Foundation\\ProviderRepository->compileManifest(Array)
#2 /Users/naingaunglu/Documents/NAL/Workspace/Work/demo-api/vendor/laravel/framework/src/Illuminate/Foundation/Application.php(584): Illuminate\\Foundation\\ProviderRepository->load(Array)
#3 /Users/naingaunglu/Documents/NAL/Workspace/Work/demo-api/vendor/laravel/framework/src/Illuminate/Foundation/Bootstrap/RegisterProviders.php(17): Illuminate\\Foundation\\Application->registerConfiguredProviders()
#4 /Users/naingaunglu/Documents/NAL/Workspace/Work/demo-api/vendor/laravel/framework/src/Illuminate/Foundation/Application.php(210): Illuminate\\Foundation\\Bootstrap\\RegisterProviders->bootstrap(Object(Illuminate\\Foundation\\Application))
#5 /Users/naingaunglu/Documents/NAL/Workspace/Work/demo-api/vendor/laravel/framework/src/Illuminate/Foundation/Console/Kernel.php(322): Illuminate\\Foundation\\Application->bootstrapWith(Array)
#6 /Users/naingaunglu/Documents/NAL/Workspace/Work/demo-api/vendor/laravel/framework/src/Illuminate/Foundation/Console/Kernel.php(131): Illuminate\\Foundation\\Console\\Kernel->bootstrap()
#7 /Users/naingaunglu/Documents/NAL/Workspace/Work/demo-api/artisan(37): Illuminate\\Foundation\\Console\\Kernel->handle(Object(Symfony\\Component\\Console\\Input\\ArgvInput), Object(Symfony\\Component\\Console\\Output\\ConsoleOutput))
#8 {main}
"} 
[2019-10-23 11:48:19] local.ERROR: Class 'Jarplay\InventoryModule\InventoryModuleServiceProvider' not found {"exception":"[object] (Symfony\\Component\\Debug\\Exception\\FatalThrowableError(code: 0): Class 'Jarplay\\InventoryModule\\InventoryModuleServiceProvider' not found at /Users/naingaunglu/Documents/NAL/Workspace/Work/demo-api/vendor/laravel/framework/src/Illuminate/Foundation/ProviderRepository.php:208)
[stacktrace]
#0 /Users/naingaunglu/Documents/NAL/Workspace/Work/demo-api/vendor/laravel/framework/src/Illuminate/Foundation/ProviderRepository.php(144): Illuminate\\Foundation\\ProviderRepository->createProvider('Jarplay\\\\Invento...')
#1 /Users/naingaunglu/Documents/NAL/Workspace/Work/demo-api/vendor/laravel/framework/src/Illuminate/Foundation/ProviderRepository.php(61): Illuminate\\Foundation\\ProviderRepository->compileManifest(Array)
#2 /Users/naingaunglu/Documents/NAL/Workspace/Work/demo-api/vendor/laravel/framework/src/Illuminate/Foundation/Application.php(584): Illuminate\\Foundation\\ProviderRepository->load(Array)
#3 /Users/naingaunglu/Documents/NAL/Workspace/Work/demo-api/vendor/laravel/framework/src/Illuminate/Foundation/Bootstrap/RegisterProviders.php(17): Illuminate\\Foundation\\Application->registerConfiguredProviders()
#4 /Users/naingaunglu/Documents/NAL/Workspace/Work/demo-api/vendor/laravel/framework/src/Illuminate/Foundation/Application.php(210): Illuminate\\Foundation\\Bootstrap\\RegisterProviders->bootstrap(Object(Illuminate\\Foundation\\Application))
#5 /Users/naingaunglu/Documents/NAL/Workspace/Work/demo-api/vendor/laravel/framework/src/Illuminate/Foundation/Console/Kernel.php(322): Illuminate\\Foundation\\Application->bootstrapWith(Array)
#6 /Users/naingaunglu/Documents/NAL/Workspace/Work/demo-api/vendor/laravel/framework/src/Illuminate/Foundation/Console/Kernel.php(131): Illuminate\\Foundation\\Console\\Kernel->bootstrap()
#7 /Users/naingaunglu/Documents/NAL/Workspace/Work/demo-api/artisan(37): Illuminate\\Foundation\\Console\\Kernel->handle(Object(Symfony\\Component\\Console\\Input\\ArgvInput), Object(Symfony\\Component\\Console\\Output\\ConsoleOutput))
#8 {main}
"} 
[2019-10-23 11:49:19] local.ERROR: Class 'Jarplay\InventoryModule\InventoryModuleServiceProvider' not found {"exception":"[object] (Symfony\\Component\\Debug\\Exception\\FatalThrowableError(code: 0): Class 'Jarplay\\InventoryModule\\InventoryModuleServiceProvider' not found at /Users/naingaunglu/Documents/NAL/Workspace/Work/demo-api/vendor/laravel/framework/src/Illuminate/Foundation/ProviderRepository.php:208)
[stacktrace]
#0 /Users/naingaunglu/Documents/NAL/Workspace/Work/demo-api/vendor/laravel/framework/src/Illuminate/Foundation/ProviderRepository.php(144): Illuminate\\Foundation\\ProviderRepository->createProvider('Jarplay\\\\Invento...')
#1 /Users/naingaunglu/Documents/NAL/Workspace/Work/demo-api/vendor/laravel/framework/src/Illuminate/Foundation/ProviderRepository.php(61): Illuminate\\Foundation\\ProviderRepository->compileManifest(Array)
#2 /Users/naingaunglu/Documents/NAL/Workspace/Work/demo-api/vendor/laravel/framework/src/Illuminate/Foundation/Application.php(584): Illuminate\\Foundation\\ProviderRepository->load(Array)
#3 /Users/naingaunglu/Documents/NAL/Workspace/Work/demo-api/vendor/laravel/framework/src/Illuminate/Foundation/Bootstrap/RegisterProviders.php(17): Illuminate\\Foundation\\Application->registerConfiguredProviders()
#4 /Users/naingaunglu/Documents/NAL/Workspace/Work/demo-api/vendor/laravel/framework/src/Illuminate/Foundation/Application.php(210): Illuminate\\Foundation\\Bootstrap\\RegisterProviders->bootstrap(Object(Illuminate\\Foundation\\Application))
#5 /Users/naingaunglu/Documents/NAL/Workspace/Work/demo-api/vendor/laravel/framework/src/Illuminate/Foundation/Console/Kernel.php(322): Illuminate\\Foundation\\Application->bootstrapWith(Array)
#6 /Users/naingaunglu/Documents/NAL/Workspace/Work/demo-api/vendor/laravel/framework/src/Illuminate/Foundation/Console/Kernel.php(131): Illuminate\\Foundation\\Console\\Kernel->bootstrap()
#7 /Users/naingaunglu/Documents/NAL/Workspace/Work/demo-api/artisan(37): Illuminate\\Foundation\\Console\\Kernel->handle(Object(Symfony\\Component\\Console\\Input\\ArgvInput), Object(Symfony\\Component\\Console\\Output\\ConsoleOutput))
#8 {main}
"} 
[2019-10-23 11:50:00] local.ERROR: Class 'Jarplay\InventoryModule\InventoryModuleServiceProvider' not found {"exception":"[object] (Symfony\\Component\\Debug\\Exception\\FatalThrowableError(code: 0): Class 'Jarplay\\InventoryModule\\InventoryModuleServiceProvider' not found at /Users/naingaunglu/Documents/NAL/Workspace/Work/demo-api/vendor/laravel/framework/src/Illuminate/Foundation/ProviderRepository.php:208)
[stacktrace]
#0 /Users/naingaunglu/Documents/NAL/Workspace/Work/demo-api/vendor/laravel/framework/src/Illuminate/Foundation/ProviderRepository.php(144): Illuminate\\Foundation\\ProviderRepository->createProvider('Jarplay\\\\Invento...')
#1 /Users/naingaunglu/Documents/NAL/Workspace/Work/demo-api/vendor/laravel/framework/src/Illuminate/Foundation/ProviderRepository.php(61): Illuminate\\Foundation\\ProviderRepository->compileManifest(Array)
#2 /Users/naingaunglu/Documents/NAL/Workspace/Work/demo-api/vendor/laravel/framework/src/Illuminate/Foundation/Application.php(584): Illuminate\\Foundation\\ProviderRepository->load(Array)
#3 /Users/naingaunglu/Documents/NAL/Workspace/Work/demo-api/vendor/laravel/framework/src/Illuminate/Foundation/Bootstrap/RegisterProviders.php(17): Illuminate\\Foundation\\Application->registerConfiguredProviders()
#4 /Users/naingaunglu/Documents/NAL/Workspace/Work/demo-api/vendor/laravel/framework/src/Illuminate/Foundation/Application.php(210): Illuminate\\Foundation\\Bootstrap\\RegisterProviders->bootstrap(Object(Illuminate\\Foundation\\Application))
#5 /Users/naingaunglu/Documents/NAL/Workspace/Work/demo-api/vendor/laravel/framework/src/Illuminate/Foundation/Console/Kernel.php(322): Illuminate\\Foundation\\Application->bootstrapWith(Array)
#6 /Users/naingaunglu/Documents/NAL/Workspace/Work/demo-api/vendor/laravel/framework/src/Illuminate/Foundation/Console/Kernel.php(131): Illuminate\\Foundation\\Console\\Kernel->bootstrap()
#7 /Users/naingaunglu/Documents/NAL/Workspace/Work/demo-api/artisan(37): Illuminate\\Foundation\\Console\\Kernel->handle(Object(Symfony\\Component\\Console\\Input\\ArgvInput), Object(Symfony\\Component\\Console\\Output\\ConsoleOutput))
#8 {main}
"} 
[2019-10-23 11:52:07] local.ERROR: Class 'Jarplay\InventoryModule\InventoryModuleServiceProvider' not found {"exception":"[object] (Symfony\\Component\\Debug\\Exception\\FatalThrowableError(code: 0): Class 'Jarplay\\InventoryModule\\InventoryModuleServiceProvider' not found at /Users/naingaunglu/Documents/NAL/Workspace/Work/demo-api/vendor/laravel/framework/src/Illuminate/Foundation/ProviderRepository.php:208)
[stacktrace]
#0 /Users/naingaunglu/Documents/NAL/Workspace/Work/demo-api/vendor/laravel/framework/src/Illuminate/Foundation/ProviderRepository.php(144): Illuminate\\Foundation\\ProviderRepository->createProvider('Jarplay\\\\Invento...')
#1 /Users/naingaunglu/Documents/NAL/Workspace/Work/demo-api/vendor/laravel/framework/src/Illuminate/Foundation/ProviderRepository.php(61): Illuminate\\Foundation\\ProviderRepository->compileManifest(Array)
#2 /Users/naingaunglu/Documents/NAL/Workspace/Work/demo-api/vendor/laravel/framework/src/Illuminate/Foundation/Application.php(584): Illuminate\\Foundation\\ProviderRepository->load(Array)
#3 /Users/naingaunglu/Documents/NAL/Workspace/Work/demo-api/vendor/laravel/framework/src/Illuminate/Foundation/Bootstrap/RegisterProviders.php(17): Illuminate\\Foundation\\Application->registerConfiguredProviders()
#4 /Users/naingaunglu/Documents/NAL/Workspace/Work/demo-api/vendor/laravel/framework/src/Illuminate/Foundation/Application.php(210): Illuminate\\Foundation\\Bootstrap\\RegisterProviders->bootstrap(Object(Illuminate\\Foundation\\Application))
#5 /Users/naingaunglu/Documents/NAL/Workspace/Work/demo-api/vendor/laravel/framework/src/Illuminate/Foundation/Console/Kernel.php(322): Illuminate\\Foundation\\Application->bootstrapWith(Array)
#6 /Users/naingaunglu/Documents/NAL/Workspace/Work/demo-api/vendor/laravel/framework/src/Illuminate/Foundation/Console/Kernel.php(131): Illuminate\\Foundation\\Console\\Kernel->bootstrap()
#7 /Users/naingaunglu/Documents/NAL/Workspace/Work/demo-api/artisan(37): Illuminate\\Foundation\\Console\\Kernel->handle(Object(Symfony\\Component\\Console\\Input\\ArgvInput), Object(Symfony\\Component\\Console\\Output\\ConsoleOutput))
#8 {main}
"} 
[2019-10-23 11:52:25] local.ERROR: Class 'Jarplay\InventoryModule\InventoryModuleServiceProvider' not found {"exception":"[object] (Symfony\\Component\\Debug\\Exception\\FatalThrowableError(code: 0): Class 'Jarplay\\InventoryModule\\InventoryModuleServiceProvider' not found at /Users/naingaunglu/Documents/NAL/Workspace/Work/demo-api/vendor/laravel/framework/src/Illuminate/Foundation/ProviderRepository.php:208)
[stacktrace]
#0 /Users/naingaunglu/Documents/NAL/Workspace/Work/demo-api/vendor/laravel/framework/src/Illuminate/Foundation/ProviderRepository.php(144): Illuminate\\Foundation\\ProviderRepository->createProvider('Jarplay\\\\Invento...')
#1 /Users/naingaunglu/Documents/NAL/Workspace/Work/demo-api/vendor/laravel/framework/src/Illuminate/Foundation/ProviderRepository.php(61): Illuminate\\Foundation\\ProviderRepository->compileManifest(Array)
#2 /Users/naingaunglu/Documents/NAL/Workspace/Work/demo-api/vendor/laravel/framework/src/Illuminate/Foundation/Application.php(584): Illuminate\\Foundation\\ProviderRepository->load(Array)
#3 /Users/naingaunglu/Documents/NAL/Workspace/Work/demo-api/vendor/laravel/framework/src/Illuminate/Foundation/Bootstrap/RegisterProviders.php(17): Illuminate\\Foundation\\Application->registerConfiguredProviders()
#4 /Users/naingaunglu/Documents/NAL/Workspace/Work/demo-api/vendor/laravel/framework/src/Illuminate/Foundation/Application.php(210): Illuminate\\Foundation\\Bootstrap\\RegisterProviders->bootstrap(Object(Illuminate\\Foundation\\Application))
#5 /Users/naingaunglu/Documents/NAL/Workspace/Work/demo-api/vendor/laravel/framework/src/Illuminate/Foundation/Http/Kernel.php(162): Illuminate\\Foundation\\Application->bootstrapWith(Array)
#6 /Users/naingaunglu/Documents/NAL/Workspace/Work/demo-api/vendor/laravel/framework/src/Illuminate/Foundation/Http/Kernel.php(146): Illuminate\\Foundation\\Http\\Kernel->bootstrap()
#7 /Users/naingaunglu/Documents/NAL/Workspace/Work/demo-api/vendor/laravel/framework/src/Illuminate/Foundation/Http/Kernel.php(116): Illuminate\\Foundation\\Http\\Kernel->sendRequestThroughRouter(Object(Illuminate\\Http\\Request))
#8 /Users/naingaunglu/Documents/NAL/Workspace/Work/demo-api/public/index.php(55): Illuminate\\Foundation\\Http\\Kernel->handle(Object(Illuminate\\Http\\Request))
#9 /Users/naingaunglu/Documents/NAL/Workspace/Work/demo-api/server.php(21): require_once('/Users/naingaun...')
#10 {main}
"} 
[2019-10-23 11:59:19] local.ERROR: Class 'Jarplay\InventoryModule\Http\Controllers\Controller' not found {"userId":1,"exception":"[object] (Symfony\\Component\\Debug\\Exception\\FatalThrowableError(code: 0): Class 'Jarplay\\InventoryModule\\Http\\Controllers\\Controller' not found at /Users/naingaunglu/Documents/NAL/Workspace/Work/demo-api/packages/jarplay/inventory-module/src/Controllers/ProductController.php:19)
[stacktrace]
#0 /Users/naingaunglu/Documents/NAL/Workspace/Work/demo-api/vendor/composer/ClassLoader.php(444): include()
#1 /Users/naingaunglu/Documents/NAL/Workspace/Work/demo-api/vendor/composer/ClassLoader.php(322): Composer\\Autoload\\includeFile('/Users/naingaun...')
#2 [internal function]: Composer\\Autoload\\ClassLoader->loadClass('Jarplay\\\\Invento...')
#3 [internal function]: spl_autoload_call('Jarplay\\\\Invento...')
#4 /Users/naingaunglu/Documents/NAL/Workspace/Work/demo-api/vendor/laravel/framework/src/Illuminate/Container/Container.php(788): ReflectionClass->__construct('Jarplay\\\\Invento...')
#5 /Users/naingaunglu/Documents/NAL/Workspace/Work/demo-api/vendor/laravel/framework/src/Illuminate/Container/Container.php(667): Illuminate\\Container\\Container->build('Jarplay\\\\Invento...')
#6 /Users/naingaunglu/Documents/NAL/Workspace/Work/demo-api/vendor/laravel/framework/src/Illuminate/Container/Container.php(615): Illuminate\\Container\\Container->resolve('Jarplay\\\\Invento...', Array)
#7 /Users/naingaunglu/Documents/NAL/Workspace/Work/demo-api/vendor/laravel/framework/src/Illuminate/Foundation/Application.php(767): Illuminate\\Container\\Container->make('Jarplay\\\\Invento...', Array)
#8 /Users/naingaunglu/Documents/NAL/Workspace/Work/demo-api/vendor/laravel/framework/src/Illuminate/Routing/Route.php(233): Illuminate\\Foundation\\Application->make('Jarplay\\\\Invento...')
#9 /Users/naingaunglu/Documents/NAL/Workspace/Work/demo-api/vendor/laravel/framework/src/Illuminate/Routing/Route.php(833): Illuminate\\Routing\\Route->getController()
#10 /Users/naingaunglu/Documents/NAL/Workspace/Work/demo-api/vendor/laravel/framework/src/Illuminate/Routing/Route.php(794): Illuminate\\Routing\\Route->controllerMiddleware()
#11 /Users/naingaunglu/Documents/NAL/Workspace/Work/demo-api/vendor/laravel/framework/src/Illuminate/Routing/Router.php(693): Illuminate\\Routing\\Route->gatherMiddleware()
#12 /Users/naingaunglu/Documents/NAL/Workspace/Work/demo-api/vendor/laravel/framework/src/Illuminate/Routing/Router.php(673): Illuminate\\Routing\\Router->gatherRouteMiddleware(Object(Illuminate\\Routing\\Route))
#13 /Users/naingaunglu/Documents/NAL/Workspace/Work/demo-api/vendor/laravel/framework/src/Illuminate/Routing/Router.php(657): Illuminate\\Routing\\Router->runRouteWithinStack(Object(Illuminate\\Routing\\Route), Object(Illuminate\\Http\\Request))
#14 /Users/naingaunglu/Documents/NAL/Workspace/Work/demo-api/vendor/laravel/framework/src/Illuminate/Routing/Router.php(623): Illuminate\\Routing\\Router->runRoute(Object(Illuminate\\Http\\Request), Object(Illuminate\\Routing\\Route))
#15 /Users/naingaunglu/Documents/NAL/Workspace/Work/demo-api/vendor/laravel/framework/src/Illuminate/Routing/Router.php(612): Illuminate\\Routing\\Router->dispatchToRoute(Object(Illuminate\\Http\\Request))
#16 /Users/naingaunglu/Documents/NAL/Workspace/Work/demo-api/vendor/laravel/framework/src/Illuminate/Foundation/Http/Kernel.php(176): Illuminate\\Routing\\Router->dispatch(Object(Illuminate\\Http\\Request))
#17 /Users/naingaunglu/Documents/NAL/Workspace/Work/demo-api/vendor/laravel/framework/src/Illuminate/Routing/Pipeline.php(30): Illuminate\\Foundation\\Http\\Kernel->Illuminate\\Foundation\\Http\\{closure}(Object(Illuminate\\Http\\Request))
#18 /Users/naingaunglu/Documents/NAL/Workspace/Work/demo-api/vendor/barryvdh/laravel-cors/src/HandleCors.php(36): Illuminate\\Routing\\Pipeline->Illuminate\\Routing\\{closure}(Object(Illuminate\\Http\\Request))
#19 /Users/naingaunglu/Documents/NAL/Workspace/Work/demo-api/vendor/laravel/framework/src/Illuminate/Pipeline/Pipeline.php(163): Barryvdh\\Cors\\HandleCors->handle(Object(Illuminate\\Http\\Request), Object(Closure))
#20 /Users/naingaunglu/Documents/NAL/Workspace/Work/demo-api/vendor/laravel/framework/src/Illuminate/Routing/Pipeline.php(53): Illuminate\\Pipeline\\Pipeline->Illuminate\\Pipeline\\{closure}(Object(Illuminate\\Http\\Request))
#21 /Users/naingaunglu/Documents/NAL/Workspace/Work/demo-api/vendor/fideloper/proxy/src/TrustProxies.php(57): Illuminate\\Routing\\Pipeline->Illuminate\\Routing\\{closure}(Object(Illuminate\\Http\\Request))
#22 /Users/naingaunglu/Documents/NAL/Workspace/Work/demo-api/vendor/laravel/framework/src/Illuminate/Pipeline/Pipeline.php(163): Fideloper\\Proxy\\TrustProxies->handle(Object(Illuminate\\Http\\Request), Object(Closure))
#23 /Users/naingaunglu/Documents/NAL/Workspace/Work/demo-api/vendor/laravel/framework/src/Illuminate/Routing/Pipeline.php(53): Illuminate\\Pipeline\\Pipeline->Illuminate\\Pipeline\\{closure}(Object(Illuminate\\Http\\Request))
#24 /Users/naingaunglu/Documents/NAL/Workspace/Work/demo-api/vendor/laravel/framework/src/Illuminate/Foundation/Http/Middleware/TransformsRequest.php(21): Illuminate\\Routing\\Pipeline->Illuminate\\Routing\\{closure}(Object(Illuminate\\Http\\Request))
#25 /Users/naingaunglu/Documents/NAL/Workspace/Work/demo-api/vendor/laravel/framework/src/Illuminate/Pipeline/Pipeline.php(163): Illuminate\\Foundation\\Http\\Middleware\\TransformsRequest->handle(Object(Illuminate\\Http\\Request), Object(Closure))
#26 /Users/naingaunglu/Documents/NAL/Workspace/Work/demo-api/vendor/laravel/framework/src/Illuminate/Routing/Pipeline.php(53): Illuminate\\Pipeline\\Pipeline->Illuminate\\Pipeline\\{closure}(Object(Illuminate\\Http\\Request))
#27 /Users/naingaunglu/Documents/NAL/Workspace/Work/demo-api/vendor/laravel/framework/src/Illuminate/Foundation/Http/Middleware/TransformsRequest.php(21): Illuminate\\Routing\\Pipeline->Illuminate\\Routing\\{closure}(Object(Illuminate\\Http\\Request))
#28 /Users/naingaunglu/Documents/NAL/Workspace/Work/demo-api/vendor/laravel/framework/src/Illuminate/Pipeline/Pipeline.php(163): Illuminate\\Foundation\\Http\\Middleware\\TransformsRequest->handle(Object(Illuminate\\Http\\Request), Object(Closure))
#29 /Users/naingaunglu/Documents/NAL/Workspace/Work/demo-api/vendor/laravel/framework/src/Illuminate/Routing/Pipeline.php(53): Illuminate\\Pipeline\\Pipeline->Illuminate\\Pipeline\\{closure}(Object(Illuminate\\Http\\Request))
#30 /Users/naingaunglu/Documents/NAL/Workspace/Work/demo-api/vendor/laravel/framework/src/Illuminate/Foundation/Http/Middleware/ValidatePostSize.php(27): Illuminate\\Routing\\Pipeline->Illuminate\\Routing\\{closure}(Object(Illuminate\\Http\\Request))
#31 /Users/naingaunglu/Documents/NAL/Workspace/Work/demo-api/vendor/laravel/framework/src/Illuminate/Pipeline/Pipeline.php(163): Illuminate\\Foundation\\Http\\Middleware\\ValidatePostSize->handle(Object(Illuminate\\Http\\Request), Object(Closure))
#32 /Users/naingaunglu/Documents/NAL/Workspace/Work/demo-api/vendor/laravel/framework/src/Illuminate/Routing/Pipeline.php(53): Illuminate\\Pipeline\\Pipeline->Illuminate\\Pipeline\\{closure}(Object(Illuminate\\Http\\Request))
#33 /Users/naingaunglu/Documents/NAL/Workspace/Work/demo-api/vendor/laravel/framework/src/Illuminate/Foundation/Http/Middleware/CheckForMaintenanceMode.php(62): Illuminate\\Routing\\Pipeline->Illuminate\\Routing\\{closure}(Object(Illuminate\\Http\\Request))
#34 /Users/naingaunglu/Documents/NAL/Workspace/Work/demo-api/vendor/laravel/framework/src/Illuminate/Pipeline/Pipeline.php(163): Illuminate\\Foundation\\Http\\Middleware\\CheckForMaintenanceMode->handle(Object(Illuminate\\Http\\Request), Object(Closure))
#35 /Users/naingaunglu/Documents/NAL/Workspace/Work/demo-api/vendor/laravel/framework/src/Illuminate/Routing/Pipeline.php(53): Illuminate\\Pipeline\\Pipeline->Illuminate\\Pipeline\\{closure}(Object(Illuminate\\Http\\Request))
#36 /Users/naingaunglu/Documents/NAL/Workspace/Work/demo-api/vendor/laravel/framework/src/Illuminate/Pipeline/Pipeline.php(104): Illuminate\\Routing\\Pipeline->Illuminate\\Routing\\{closure}(Object(Illuminate\\Http\\Request))
#37 /Users/naingaunglu/Documents/NAL/Workspace/Work/demo-api/vendor/laravel/framework/src/Illuminate/Foundation/Http/Kernel.php(151): Illuminate\\Pipeline\\Pipeline->then(Object(Closure))
#38 /Users/naingaunglu/Documents/NAL/Workspace/Work/demo-api/vendor/laravel/framework/src/Illuminate/Foundation/Http/Kernel.php(116): Illuminate\\Foundation\\Http\\Kernel->sendRequestThroughRouter(Object(Illuminate\\Http\\Request))
#39 /Users/naingaunglu/Documents/NAL/Workspace/Work/demo-api/public/index.php(55): Illuminate\\Foundation\\Http\\Kernel->handle(Object(Illuminate\\Http\\Request))
#40 /Users/naingaunglu/Documents/NAL/Workspace/Work/demo-api/server.php(21): require_once('/Users/naingaun...')
#41 {main}
"} 
[2019-10-23 11:59:43] local.ERROR: Class 'Jarplay\InventoryModule\Http\Controllers\Controller' not found {"userId":1,"exception":"[object] (Symfony\\Component\\Debug\\Exception\\FatalThrowableError(code: 0): Class 'Jarplay\\InventoryModule\\Http\\Controllers\\Controller' not found at /Users/naingaunglu/Documents/NAL/Workspace/Work/demo-api/packages/jarplay/inventory-module/src/Controllers/ProductController.php:19)
[stacktrace]
#0 /Users/naingaunglu/Documents/NAL/Workspace/Work/demo-api/vendor/composer/ClassLoader.php(444): include()
#1 /Users/naingaunglu/Documents/NAL/Workspace/Work/demo-api/vendor/composer/ClassLoader.php(322): Composer\\Autoload\\includeFile('/Users/naingaun...')
#2 [internal function]: Composer\\Autoload\\ClassLoader->loadClass('Jarplay\\\\Invento...')
#3 [internal function]: spl_autoload_call('Jarplay\\\\Invento...')
#4 /Users/naingaunglu/Documents/NAL/Workspace/Work/demo-api/vendor/laravel/framework/src/Illuminate/Container/Container.php(788): ReflectionClass->__construct('Jarplay\\\\Invento...')
#5 /Users/naingaunglu/Documents/NAL/Workspace/Work/demo-api/vendor/laravel/framework/src/Illuminate/Container/Container.php(667): Illuminate\\Container\\Container->build('Jarplay\\\\Invento...')
#6 /Users/naingaunglu/Documents/NAL/Workspace/Work/demo-api/vendor/laravel/framework/src/Illuminate/Container/Container.php(615): Illuminate\\Container\\Container->resolve('Jarplay\\\\Invento...', Array)
#7 /Users/naingaunglu/Documents/NAL/Workspace/Work/demo-api/vendor/laravel/framework/src/Illuminate/Foundation/Application.php(767): Illuminate\\Container\\Container->make('Jarplay\\\\Invento...', Array)
#8 /Users/naingaunglu/Documents/NAL/Workspace/Work/demo-api/vendor/laravel/framework/src/Illuminate/Routing/Route.php(233): Illuminate\\Foundation\\Application->make('Jarplay\\\\Invento...')
#9 /Users/naingaunglu/Documents/NAL/Workspace/Work/demo-api/vendor/laravel/framework/src/Illuminate/Routing/Route.php(833): Illuminate\\Routing\\Route->getController()
#10 /Users/naingaunglu/Documents/NAL/Workspace/Work/demo-api/vendor/laravel/framework/src/Illuminate/Routing/Route.php(794): Illuminate\\Routing\\Route->controllerMiddleware()
#11 /Users/naingaunglu/Documents/NAL/Workspace/Work/demo-api/vendor/laravel/framework/src/Illuminate/Routing/Router.php(693): Illuminate\\Routing\\Route->gatherMiddleware()
#12 /Users/naingaunglu/Documents/NAL/Workspace/Work/demo-api/vendor/laravel/framework/src/Illuminate/Routing/Router.php(673): Illuminate\\Routing\\Router->gatherRouteMiddleware(Object(Illuminate\\Routing\\Route))
#13 /Users/naingaunglu/Documents/NAL/Workspace/Work/demo-api/vendor/laravel/framework/src/Illuminate/Routing/Router.php(657): Illuminate\\Routing\\Router->runRouteWithinStack(Object(Illuminate\\Routing\\Route), Object(Illuminate\\Http\\Request))
#14 /Users/naingaunglu/Documents/NAL/Workspace/Work/demo-api/vendor/laravel/framework/src/Illuminate/Routing/Router.php(623): Illuminate\\Routing\\Router->runRoute(Object(Illuminate\\Http\\Request), Object(Illuminate\\Routing\\Route))
#15 /Users/naingaunglu/Documents/NAL/Workspace/Work/demo-api/vendor/laravel/framework/src/Illuminate/Routing/Router.php(612): Illuminate\\Routing\\Router->dispatchToRoute(Object(Illuminate\\Http\\Request))
#16 /Users/naingaunglu/Documents/NAL/Workspace/Work/demo-api/vendor/laravel/framework/src/Illuminate/Foundation/Http/Kernel.php(176): Illuminate\\Routing\\Router->dispatch(Object(Illuminate\\Http\\Request))
#17 /Users/naingaunglu/Documents/NAL/Workspace/Work/demo-api/vendor/laravel/framework/src/Illuminate/Routing/Pipeline.php(30): Illuminate\\Foundation\\Http\\Kernel->Illuminate\\Foundation\\Http\\{closure}(Object(Illuminate\\Http\\Request))
#18 /Users/naingaunglu/Documents/NAL/Workspace/Work/demo-api/vendor/barryvdh/laravel-cors/src/HandleCors.php(36): Illuminate\\Routing\\Pipeline->Illuminate\\Routing\\{closure}(Object(Illuminate\\Http\\Request))
#19 /Users/naingaunglu/Documents/NAL/Workspace/Work/demo-api/vendor/laravel/framework/src/Illuminate/Pipeline/Pipeline.php(163): Barryvdh\\Cors\\HandleCors->handle(Object(Illuminate\\Http\\Request), Object(Closure))
#20 /Users/naingaunglu/Documents/NAL/Workspace/Work/demo-api/vendor/laravel/framework/src/Illuminate/Routing/Pipeline.php(53): Illuminate\\Pipeline\\Pipeline->Illuminate\\Pipeline\\{closure}(Object(Illuminate\\Http\\Request))
#21 /Users/naingaunglu/Documents/NAL/Workspace/Work/demo-api/vendor/fideloper/proxy/src/TrustProxies.php(57): Illuminate\\Routing\\Pipeline->Illuminate\\Routing\\{closure}(Object(Illuminate\\Http\\Request))
#22 /Users/naingaunglu/Documents/NAL/Workspace/Work/demo-api/vendor/laravel/framework/src/Illuminate/Pipeline/Pipeline.php(163): Fideloper\\Proxy\\TrustProxies->handle(Object(Illuminate\\Http\\Request), Object(Closure))
#23 /Users/naingaunglu/Documents/NAL/Workspace/Work/demo-api/vendor/laravel/framework/src/Illuminate/Routing/Pipeline.php(53): Illuminate\\Pipeline\\Pipeline->Illuminate\\Pipeline\\{closure}(Object(Illuminate\\Http\\Request))
#24 /Users/naingaunglu/Documents/NAL/Workspace/Work/demo-api/vendor/laravel/framework/src/Illuminate/Foundation/Http/Middleware/TransformsRequest.php(21): Illuminate\\Routing\\Pipeline->Illuminate\\Routing\\{closure}(Object(Illuminate\\Http\\Request))
#25 /Users/naingaunglu/Documents/NAL/Workspace/Work/demo-api/vendor/laravel/framework/src/Illuminate/Pipeline/Pipeline.php(163): Illuminate\\Foundation\\Http\\Middleware\\TransformsRequest->handle(Object(Illuminate\\Http\\Request), Object(Closure))
#26 /Users/naingaunglu/Documents/NAL/Workspace/Work/demo-api/vendor/laravel/framework/src/Illuminate/Routing/Pipeline.php(53): Illuminate\\Pipeline\\Pipeline->Illuminate\\Pipeline\\{closure}(Object(Illuminate\\Http\\Request))
#27 /Users/naingaunglu/Documents/NAL/Workspace/Work/demo-api/vendor/laravel/framework/src/Illuminate/Foundation/Http/Middleware/TransformsRequest.php(21): Illuminate\\Routing\\Pipeline->Illuminate\\Routing\\{closure}(Object(Illuminate\\Http\\Request))
#28 /Users/naingaunglu/Documents/NAL/Workspace/Work/demo-api/vendor/laravel/framework/src/Illuminate/Pipeline/Pipeline.php(163): Illuminate\\Foundation\\Http\\Middleware\\TransformsRequest->handle(Object(Illuminate\\Http\\Request), Object(Closure))
#29 /Users/naingaunglu/Documents/NAL/Workspace/Work/demo-api/vendor/laravel/framework/src/Illuminate/Routing/Pipeline.php(53): Illuminate\\Pipeline\\Pipeline->Illuminate\\Pipeline\\{closure}(Object(Illuminate\\Http\\Request))
#30 /Users/naingaunglu/Documents/NAL/Workspace/Work/demo-api/vendor/laravel/framework/src/Illuminate/Foundation/Http/Middleware/ValidatePostSize.php(27): Illuminate\\Routing\\Pipeline->Illuminate\\Routing\\{closure}(Object(Illuminate\\Http\\Request))
#31 /Users/naingaunglu/Documents/NAL/Workspace/Work/demo-api/vendor/laravel/framework/src/Illuminate/Pipeline/Pipeline.php(163): Illuminate\\Foundation\\Http\\Middleware\\ValidatePostSize->handle(Object(Illuminate\\Http\\Request), Object(Closure))
#32 /Users/naingaunglu/Documents/NAL/Workspace/Work/demo-api/vendor/laravel/framework/src/Illuminate/Routing/Pipeline.php(53): Illuminate\\Pipeline\\Pipeline->Illuminate\\Pipeline\\{closure}(Object(Illuminate\\Http\\Request))
#33 /Users/naingaunglu/Documents/NAL/Workspace/Work/demo-api/vendor/laravel/framework/src/Illuminate/Foundation/Http/Middleware/CheckForMaintenanceMode.php(62): Illuminate\\Routing\\Pipeline->Illuminate\\Routing\\{closure}(Object(Illuminate\\Http\\Request))
#34 /Users/naingaunglu/Documents/NAL/Workspace/Work/demo-api/vendor/laravel/framework/src/Illuminate/Pipeline/Pipeline.php(163): Illuminate\\Foundation\\Http\\Middleware\\CheckForMaintenanceMode->handle(Object(Illuminate\\Http\\Request), Object(Closure))
#35 /Users/naingaunglu/Documents/NAL/Workspace/Work/demo-api/vendor/laravel/framework/src/Illuminate/Routing/Pipeline.php(53): Illuminate\\Pipeline\\Pipeline->Illuminate\\Pipeline\\{closure}(Object(Illuminate\\Http\\Request))
#36 /Users/naingaunglu/Documents/NAL/Workspace/Work/demo-api/vendor/laravel/framework/src/Illuminate/Pipeline/Pipeline.php(104): Illuminate\\Routing\\Pipeline->Illuminate\\Routing\\{closure}(Object(Illuminate\\Http\\Request))
#37 /Users/naingaunglu/Documents/NAL/Workspace/Work/demo-api/vendor/laravel/framework/src/Illuminate/Foundation/Http/Kernel.php(151): Illuminate\\Pipeline\\Pipeline->then(Object(Closure))
#38 /Users/naingaunglu/Documents/NAL/Workspace/Work/demo-api/vendor/laravel/framework/src/Illuminate/Foundation/Http/Kernel.php(116): Illuminate\\Foundation\\Http\\Kernel->sendRequestThroughRouter(Object(Illuminate\\Http\\Request))
#39 /Users/naingaunglu/Documents/NAL/Workspace/Work/demo-api/public/index.php(55): Illuminate\\Foundation\\Http\\Kernel->handle(Object(Illuminate\\Http\\Request))
#40 /Users/naingaunglu/Documents/NAL/Workspace/Work/demo-api/server.php(21): require_once('/Users/naingaun...')
#41 {main}
"} 
[2019-10-23 12:01:03] local.ERROR: Class 'Jarplay\InventoryModule\Models\Controller' not found {"userId":1,"exception":"[object] (Symfony\\Component\\Debug\\Exception\\FatalThrowableError(code: 0): Class 'Jarplay\\InventoryModule\\Models\\Controller' not found at /Users/naingaunglu/Documents/NAL/Workspace/Work/demo-api/packages/jarplay/inventory-module/src/Controllers/ProductController.php:20)
[stacktrace]
#0 /Users/naingaunglu/Documents/NAL/Workspace/Work/demo-api/vendor/composer/ClassLoader.php(444): include()
#1 /Users/naingaunglu/Documents/NAL/Workspace/Work/demo-api/vendor/composer/ClassLoader.php(322): Composer\\Autoload\\includeFile('/Users/naingaun...')
#2 [internal function]: Composer\\Autoload\\ClassLoader->loadClass('Jarplay\\\\Invento...')
#3 [internal function]: spl_autoload_call('Jarplay\\\\Invento...')
#4 /Users/naingaunglu/Documents/NAL/Workspace/Work/demo-api/vendor/laravel/framework/src/Illuminate/Container/Container.php(788): ReflectionClass->__construct('Jarplay\\\\Invento...')
#5 /Users/naingaunglu/Documents/NAL/Workspace/Work/demo-api/vendor/laravel/framework/src/Illuminate/Container/Container.php(667): Illuminate\\Container\\Container->build('Jarplay\\\\Invento...')
#6 /Users/naingaunglu/Documents/NAL/Workspace/Work/demo-api/vendor/laravel/framework/src/Illuminate/Container/Container.php(615): Illuminate\\Container\\Container->resolve('Jarplay\\\\Invento...', Array)
#7 /Users/naingaunglu/Documents/NAL/Workspace/Work/demo-api/vendor/laravel/framework/src/Illuminate/Foundation/Application.php(767): Illuminate\\Container\\Container->make('Jarplay\\\\Invento...', Array)
#8 /Users/naingaunglu/Documents/NAL/Workspace/Work/demo-api/vendor/laravel/framework/src/Illuminate/Routing/Route.php(233): Illuminate\\Foundation\\Application->make('Jarplay\\\\Invento...')
#9 /Users/naingaunglu/Documents/NAL/Workspace/Work/demo-api/vendor/laravel/framework/src/Illuminate/Routing/Route.php(833): Illuminate\\Routing\\Route->getController()
#10 /Users/naingaunglu/Documents/NAL/Workspace/Work/demo-api/vendor/laravel/framework/src/Illuminate/Routing/Route.php(794): Illuminate\\Routing\\Route->controllerMiddleware()
#11 /Users/naingaunglu/Documents/NAL/Workspace/Work/demo-api/vendor/laravel/framework/src/Illuminate/Routing/Router.php(693): Illuminate\\Routing\\Route->gatherMiddleware()
#12 /Users/naingaunglu/Documents/NAL/Workspace/Work/demo-api/vendor/laravel/framework/src/Illuminate/Routing/Router.php(673): Illuminate\\Routing\\Router->gatherRouteMiddleware(Object(Illuminate\\Routing\\Route))
#13 /Users/naingaunglu/Documents/NAL/Workspace/Work/demo-api/vendor/laravel/framework/src/Illuminate/Routing/Router.php(657): Illuminate\\Routing\\Router->runRouteWithinStack(Object(Illuminate\\Routing\\Route), Object(Illuminate\\Http\\Request))
#14 /Users/naingaunglu/Documents/NAL/Workspace/Work/demo-api/vendor/laravel/framework/src/Illuminate/Routing/Router.php(623): Illuminate\\Routing\\Router->runRoute(Object(Illuminate\\Http\\Request), Object(Illuminate\\Routing\\Route))
#15 /Users/naingaunglu/Documents/NAL/Workspace/Work/demo-api/vendor/laravel/framework/src/Illuminate/Routing/Router.php(612): Illuminate\\Routing\\Router->dispatchToRoute(Object(Illuminate\\Http\\Request))
#16 /Users/naingaunglu/Documents/NAL/Workspace/Work/demo-api/vendor/laravel/framework/src/Illuminate/Foundation/Http/Kernel.php(176): Illuminate\\Routing\\Router->dispatch(Object(Illuminate\\Http\\Request))
#17 /Users/naingaunglu/Documents/NAL/Workspace/Work/demo-api/vendor/laravel/framework/src/Illuminate/Routing/Pipeline.php(30): Illuminate\\Foundation\\Http\\Kernel->Illuminate\\Foundation\\Http\\{closure}(Object(Illuminate\\Http\\Request))
#18 /Users/naingaunglu/Documents/NAL/Workspace/Work/demo-api/vendor/barryvdh/laravel-cors/src/HandleCors.php(36): Illuminate\\Routing\\Pipeline->Illuminate\\Routing\\{closure}(Object(Illuminate\\Http\\Request))
#19 /Users/naingaunglu/Documents/NAL/Workspace/Work/demo-api/vendor/laravel/framework/src/Illuminate/Pipeline/Pipeline.php(163): Barryvdh\\Cors\\HandleCors->handle(Object(Illuminate\\Http\\Request), Object(Closure))
#20 /Users/naingaunglu/Documents/NAL/Workspace/Work/demo-api/vendor/laravel/framework/src/Illuminate/Routing/Pipeline.php(53): Illuminate\\Pipeline\\Pipeline->Illuminate\\Pipeline\\{closure}(Object(Illuminate\\Http\\Request))
#21 /Users/naingaunglu/Documents/NAL/Workspace/Work/demo-api/vendor/fideloper/proxy/src/TrustProxies.php(57): Illuminate\\Routing\\Pipeline->Illuminate\\Routing\\{closure}(Object(Illuminate\\Http\\Request))
#22 /Users/naingaunglu/Documents/NAL/Workspace/Work/demo-api/vendor/laravel/framework/src/Illuminate/Pipeline/Pipeline.php(163): Fideloper\\Proxy\\TrustProxies->handle(Object(Illuminate\\Http\\Request), Object(Closure))
#23 /Users/naingaunglu/Documents/NAL/Workspace/Work/demo-api/vendor/laravel/framework/src/Illuminate/Routing/Pipeline.php(53): Illuminate\\Pipeline\\Pipeline->Illuminate\\Pipeline\\{closure}(Object(Illuminate\\Http\\Request))
#24 /Users/naingaunglu/Documents/NAL/Workspace/Work/demo-api/vendor/laravel/framework/src/Illuminate/Foundation/Http/Middleware/TransformsRequest.php(21): Illuminate\\Routing\\Pipeline->Illuminate\\Routing\\{closure}(Object(Illuminate\\Http\\Request))
#25 /Users/naingaunglu/Documents/NAL/Workspace/Work/demo-api/vendor/laravel/framework/src/Illuminate/Pipeline/Pipeline.php(163): Illuminate\\Foundation\\Http\\Middleware\\TransformsRequest->handle(Object(Illuminate\\Http\\Request), Object(Closure))
#26 /Users/naingaunglu/Documents/NAL/Workspace/Work/demo-api/vendor/laravel/framework/src/Illuminate/Routing/Pipeline.php(53): Illuminate\\Pipeline\\Pipeline->Illuminate\\Pipeline\\{closure}(Object(Illuminate\\Http\\Request))
#27 /Users/naingaunglu/Documents/NAL/Workspace/Work/demo-api/vendor/laravel/framework/src/Illuminate/Foundation/Http/Middleware/TransformsRequest.php(21): Illuminate\\Routing\\Pipeline->Illuminate\\Routing\\{closure}(Object(Illuminate\\Http\\Request))
#28 /Users/naingaunglu/Documents/NAL/Workspace/Work/demo-api/vendor/laravel/framework/src/Illuminate/Pipeline/Pipeline.php(163): Illuminate\\Foundation\\Http\\Middleware\\TransformsRequest->handle(Object(Illuminate\\Http\\Request), Object(Closure))
#29 /Users/naingaunglu/Documents/NAL/Workspace/Work/demo-api/vendor/laravel/framework/src/Illuminate/Routing/Pipeline.php(53): Illuminate\\Pipeline\\Pipeline->Illuminate\\Pipeline\\{closure}(Object(Illuminate\\Http\\Request))
#30 /Users/naingaunglu/Documents/NAL/Workspace/Work/demo-api/vendor/laravel/framework/src/Illuminate/Foundation/Http/Middleware/ValidatePostSize.php(27): Illuminate\\Routing\\Pipeline->Illuminate\\Routing\\{closure}(Object(Illuminate\\Http\\Request))
#31 /Users/naingaunglu/Documents/NAL/Workspace/Work/demo-api/vendor/laravel/framework/src/Illuminate/Pipeline/Pipeline.php(163): Illuminate\\Foundation\\Http\\Middleware\\ValidatePostSize->handle(Object(Illuminate\\Http\\Request), Object(Closure))
#32 /Users/naingaunglu/Documents/NAL/Workspace/Work/demo-api/vendor/laravel/framework/src/Illuminate/Routing/Pipeline.php(53): Illuminate\\Pipeline\\Pipeline->Illuminate\\Pipeline\\{closure}(Object(Illuminate\\Http\\Request))
#33 /Users/naingaunglu/Documents/NAL/Workspace/Work/demo-api/vendor/laravel/framework/src/Illuminate/Foundation/Http/Middleware/CheckForMaintenanceMode.php(62): Illuminate\\Routing\\Pipeline->Illuminate\\Routing\\{closure}(Object(Illuminate\\Http\\Request))
#34 /Users/naingaunglu/Documents/NAL/Workspace/Work/demo-api/vendor/laravel/framework/src/Illuminate/Pipeline/Pipeline.php(163): Illuminate\\Foundation\\Http\\Middleware\\CheckForMaintenanceMode->handle(Object(Illuminate\\Http\\Request), Object(Closure))
#35 /Users/naingaunglu/Documents/NAL/Workspace/Work/demo-api/vendor/laravel/framework/src/Illuminate/Routing/Pipeline.php(53): Illuminate\\Pipeline\\Pipeline->Illuminate\\Pipeline\\{closure}(Object(Illuminate\\Http\\Request))
#36 /Users/naingaunglu/Documents/NAL/Workspace/Work/demo-api/vendor/laravel/framework/src/Illuminate/Pipeline/Pipeline.php(104): Illuminate\\Routing\\Pipeline->Illuminate\\Routing\\{closure}(Object(Illuminate\\Http\\Request))
#37 /Users/naingaunglu/Documents/NAL/Workspace/Work/demo-api/vendor/laravel/framework/src/Illuminate/Foundation/Http/Kernel.php(151): Illuminate\\Pipeline\\Pipeline->then(Object(Closure))
#38 /Users/naingaunglu/Documents/NAL/Workspace/Work/demo-api/vendor/laravel/framework/src/Illuminate/Foundation/Http/Kernel.php(116): Illuminate\\Foundation\\Http\\Kernel->sendRequestThroughRouter(Object(Illuminate\\Http\\Request))
#39 /Users/naingaunglu/Documents/NAL/Workspace/Work/demo-api/public/index.php(55): Illuminate\\Foundation\\Http\\Kernel->handle(Object(Illuminate\\Http\\Request))
#40 /Users/naingaunglu/Documents/NAL/Workspace/Work/demo-api/server.php(21): require_once('/Users/naingaun...')
#41 {main}
"} 
[2019-10-23 12:01:17] local.ERROR: Class 'Jarplay\InventoryModule\Models\Controller' not found {"userId":1,"exception":"[object] (Symfony\\Component\\Debug\\Exception\\FatalThrowableError(code: 0): Class 'Jarplay\\InventoryModule\\Models\\Controller' not found at /Users/naingaunglu/Documents/NAL/Workspace/Work/demo-api/packages/jarplay/inventory-module/src/Controllers/ProductController.php:20)
[stacktrace]
#0 /Users/naingaunglu/Documents/NAL/Workspace/Work/demo-api/vendor/composer/ClassLoader.php(444): include()
#1 /Users/naingaunglu/Documents/NAL/Workspace/Work/demo-api/vendor/composer/ClassLoader.php(322): Composer\\Autoload\\includeFile('/Users/naingaun...')
#2 [internal function]: Composer\\Autoload\\ClassLoader->loadClass('Jarplay\\\\Invento...')
#3 [internal function]: spl_autoload_call('Jarplay\\\\Invento...')
#4 /Users/naingaunglu/Documents/NAL/Workspace/Work/demo-api/vendor/laravel/framework/src/Illuminate/Container/Container.php(788): ReflectionClass->__construct('Jarplay\\\\Invento...')
#5 /Users/naingaunglu/Documents/NAL/Workspace/Work/demo-api/vendor/laravel/framework/src/Illuminate/Container/Container.php(667): Illuminate\\Container\\Container->build('Jarplay\\\\Invento...')
#6 /Users/naingaunglu/Documents/NAL/Workspace/Work/demo-api/vendor/laravel/framework/src/Illuminate/Container/Container.php(615): Illuminate\\Container\\Container->resolve('Jarplay\\\\Invento...', Array)
#7 /Users/naingaunglu/Documents/NAL/Workspace/Work/demo-api/vendor/laravel/framework/src/Illuminate/Foundation/Application.php(767): Illuminate\\Container\\Container->make('Jarplay\\\\Invento...', Array)
#8 /Users/naingaunglu/Documents/NAL/Workspace/Work/demo-api/vendor/laravel/framework/src/Illuminate/Routing/Route.php(233): Illuminate\\Foundation\\Application->make('Jarplay\\\\Invento...')
#9 /Users/naingaunglu/Documents/NAL/Workspace/Work/demo-api/vendor/laravel/framework/src/Illuminate/Routing/Route.php(833): Illuminate\\Routing\\Route->getController()
#10 /Users/naingaunglu/Documents/NAL/Workspace/Work/demo-api/vendor/laravel/framework/src/Illuminate/Routing/Route.php(794): Illuminate\\Routing\\Route->controllerMiddleware()
#11 /Users/naingaunglu/Documents/NAL/Workspace/Work/demo-api/vendor/laravel/framework/src/Illuminate/Routing/Router.php(693): Illuminate\\Routing\\Route->gatherMiddleware()
#12 /Users/naingaunglu/Documents/NAL/Workspace/Work/demo-api/vendor/laravel/framework/src/Illuminate/Routing/Router.php(673): Illuminate\\Routing\\Router->gatherRouteMiddleware(Object(Illuminate\\Routing\\Route))
#13 /Users/naingaunglu/Documents/NAL/Workspace/Work/demo-api/vendor/laravel/framework/src/Illuminate/Routing/Router.php(657): Illuminate\\Routing\\Router->runRouteWithinStack(Object(Illuminate\\Routing\\Route), Object(Illuminate\\Http\\Request))
#14 /Users/naingaunglu/Documents/NAL/Workspace/Work/demo-api/vendor/laravel/framework/src/Illuminate/Routing/Router.php(623): Illuminate\\Routing\\Router->runRoute(Object(Illuminate\\Http\\Request), Object(Illuminate\\Routing\\Route))
#15 /Users/naingaunglu/Documents/NAL/Workspace/Work/demo-api/vendor/laravel/framework/src/Illuminate/Routing/Router.php(612): Illuminate\\Routing\\Router->dispatchToRoute(Object(Illuminate\\Http\\Request))
#16 /Users/naingaunglu/Documents/NAL/Workspace/Work/demo-api/vendor/laravel/framework/src/Illuminate/Foundation/Http/Kernel.php(176): Illuminate\\Routing\\Router->dispatch(Object(Illuminate\\Http\\Request))
#17 /Users/naingaunglu/Documents/NAL/Workspace/Work/demo-api/vendor/laravel/framework/src/Illuminate/Routing/Pipeline.php(30): Illuminate\\Foundation\\Http\\Kernel->Illuminate\\Foundation\\Http\\{closure}(Object(Illuminate\\Http\\Request))
#18 /Users/naingaunglu/Documents/NAL/Workspace/Work/demo-api/vendor/barryvdh/laravel-cors/src/HandleCors.php(36): Illuminate\\Routing\\Pipeline->Illuminate\\Routing\\{closure}(Object(Illuminate\\Http\\Request))
#19 /Users/naingaunglu/Documents/NAL/Workspace/Work/demo-api/vendor/laravel/framework/src/Illuminate/Pipeline/Pipeline.php(163): Barryvdh\\Cors\\HandleCors->handle(Object(Illuminate\\Http\\Request), Object(Closure))
#20 /Users/naingaunglu/Documents/NAL/Workspace/Work/demo-api/vendor/laravel/framework/src/Illuminate/Routing/Pipeline.php(53): Illuminate\\Pipeline\\Pipeline->Illuminate\\Pipeline\\{closure}(Object(Illuminate\\Http\\Request))
#21 /Users/naingaunglu/Documents/NAL/Workspace/Work/demo-api/vendor/fideloper/proxy/src/TrustProxies.php(57): Illuminate\\Routing\\Pipeline->Illuminate\\Routing\\{closure}(Object(Illuminate\\Http\\Request))
#22 /Users/naingaunglu/Documents/NAL/Workspace/Work/demo-api/vendor/laravel/framework/src/Illuminate/Pipeline/Pipeline.php(163): Fideloper\\Proxy\\TrustProxies->handle(Object(Illuminate\\Http\\Request), Object(Closure))
#23 /Users/naingaunglu/Documents/NAL/Workspace/Work/demo-api/vendor/laravel/framework/src/Illuminate/Routing/Pipeline.php(53): Illuminate\\Pipeline\\Pipeline->Illuminate\\Pipeline\\{closure}(Object(Illuminate\\Http\\Request))
#24 /Users/naingaunglu/Documents/NAL/Workspace/Work/demo-api/vendor/laravel/framework/src/Illuminate/Foundation/Http/Middleware/TransformsRequest.php(21): Illuminate\\Routing\\Pipeline->Illuminate\\Routing\\{closure}(Object(Illuminate\\Http\\Request))
#25 /Users/naingaunglu/Documents/NAL/Workspace/Work/demo-api/vendor/laravel/framework/src/Illuminate/Pipeline/Pipeline.php(163): Illuminate\\Foundation\\Http\\Middleware\\TransformsRequest->handle(Object(Illuminate\\Http\\Request), Object(Closure))
#26 /Users/naingaunglu/Documents/NAL/Workspace/Work/demo-api/vendor/laravel/framework/src/Illuminate/Routing/Pipeline.php(53): Illuminate\\Pipeline\\Pipeline->Illuminate\\Pipeline\\{closure}(Object(Illuminate\\Http\\Request))
#27 /Users/naingaunglu/Documents/NAL/Workspace/Work/demo-api/vendor/laravel/framework/src/Illuminate/Foundation/Http/Middleware/TransformsRequest.php(21): Illuminate\\Routing\\Pipeline->Illuminate\\Routing\\{closure}(Object(Illuminate\\Http\\Request))
#28 /Users/naingaunglu/Documents/NAL/Workspace/Work/demo-api/vendor/laravel/framework/src/Illuminate/Pipeline/Pipeline.php(163): Illuminate\\Foundation\\Http\\Middleware\\TransformsRequest->handle(Object(Illuminate\\Http\\Request), Object(Closure))
#29 /Users/naingaunglu/Documents/NAL/Workspace/Work/demo-api/vendor/laravel/framework/src/Illuminate/Routing/Pipeline.php(53): Illuminate\\Pipeline\\Pipeline->Illuminate\\Pipeline\\{closure}(Object(Illuminate\\Http\\Request))
#30 /Users/naingaunglu/Documents/NAL/Workspace/Work/demo-api/vendor/laravel/framework/src/Illuminate/Foundation/Http/Middleware/ValidatePostSize.php(27): Illuminate\\Routing\\Pipeline->Illuminate\\Routing\\{closure}(Object(Illuminate\\Http\\Request))
#31 /Users/naingaunglu/Documents/NAL/Workspace/Work/demo-api/vendor/laravel/framework/src/Illuminate/Pipeline/Pipeline.php(163): Illuminate\\Foundation\\Http\\Middleware\\ValidatePostSize->handle(Object(Illuminate\\Http\\Request), Object(Closure))
#32 /Users/naingaunglu/Documents/NAL/Workspace/Work/demo-api/vendor/laravel/framework/src/Illuminate/Routing/Pipeline.php(53): Illuminate\\Pipeline\\Pipeline->Illuminate\\Pipeline\\{closure}(Object(Illuminate\\Http\\Request))
#33 /Users/naingaunglu/Documents/NAL/Workspace/Work/demo-api/vendor/laravel/framework/src/Illuminate/Foundation/Http/Middleware/CheckForMaintenanceMode.php(62): Illuminate\\Routing\\Pipeline->Illuminate\\Routing\\{closure}(Object(Illuminate\\Http\\Request))
#34 /Users/naingaunglu/Documents/NAL/Workspace/Work/demo-api/vendor/laravel/framework/src/Illuminate/Pipeline/Pipeline.php(163): Illuminate\\Foundation\\Http\\Middleware\\CheckForMaintenanceMode->handle(Object(Illuminate\\Http\\Request), Object(Closure))
#35 /Users/naingaunglu/Documents/NAL/Workspace/Work/demo-api/vendor/laravel/framework/src/Illuminate/Routing/Pipeline.php(53): Illuminate\\Pipeline\\Pipeline->Illuminate\\Pipeline\\{closure}(Object(Illuminate\\Http\\Request))
#36 /Users/naingaunglu/Documents/NAL/Workspace/Work/demo-api/vendor/laravel/framework/src/Illuminate/Pipeline/Pipeline.php(104): Illuminate\\Routing\\Pipeline->Illuminate\\Routing\\{closure}(Object(Illuminate\\Http\\Request))
#37 /Users/naingaunglu/Documents/NAL/Workspace/Work/demo-api/vendor/laravel/framework/src/Illuminate/Foundation/Http/Kernel.php(151): Illuminate\\Pipeline\\Pipeline->then(Object(Closure))
#38 /Users/naingaunglu/Documents/NAL/Workspace/Work/demo-api/vendor/laravel/framework/src/Illuminate/Foundation/Http/Kernel.php(116): Illuminate\\Foundation\\Http\\Kernel->sendRequestThroughRouter(Object(Illuminate\\Http\\Request))
#39 /Users/naingaunglu/Documents/NAL/Workspace/Work/demo-api/public/index.php(55): Illuminate\\Foundation\\Http\\Kernel->handle(Object(Illuminate\\Http\\Request))
#40 /Users/naingaunglu/Documents/NAL/Workspace/Work/demo-api/server.php(21): require_once('/Users/naingaun...')
#41 {main}
"} 
[2019-10-23 12:01:42] local.ERROR: Class Jarplay\UserModule\Middleware\CheckToken does not exist {"userId":1,"exception":"[object] (ReflectionException(code: -1): Class Jarplay\\UserModule\\Middleware\\CheckToken does not exist at /Users/naingaunglu/Documents/NAL/Workspace/Work/demo-api/vendor/laravel/framework/src/Illuminate/Container/Container.php:788)
[stacktrace]
#0 /Users/naingaunglu/Documents/NAL/Workspace/Work/demo-api/vendor/laravel/framework/src/Illuminate/Container/Container.php(788): ReflectionClass->__construct('Jarplay\\\\UserMod...')
#1 /Users/naingaunglu/Documents/NAL/Workspace/Work/demo-api/vendor/laravel/framework/src/Illuminate/Container/Container.php(667): Illuminate\\Container\\Container->build('Jarplay\\\\UserMod...')
#2 /Users/naingaunglu/Documents/NAL/Workspace/Work/demo-api/vendor/laravel/framework/src/Illuminate/Container/Container.php(615): Illuminate\\Container\\Container->resolve('Jarplay\\\\UserMod...', Array)
#3 /Users/naingaunglu/Documents/NAL/Workspace/Work/demo-api/vendor/laravel/framework/src/Illuminate/Foundation/Application.php(767): Illuminate\\Container\\Container->make('Jarplay\\\\UserMod...', Array)
#4 /Users/naingaunglu/Documents/NAL/Workspace/Work/demo-api/vendor/laravel/framework/src/Illuminate/Pipeline/Pipeline.php(152): Illuminate\\Foundation\\Application->make('Jarplay\\\\UserMod...')
#5 /Users/naingaunglu/Documents/NAL/Workspace/Work/demo-api/vendor/laravel/framework/src/Illuminate/Routing/Pipeline.php(53): Illuminate\\Pipeline\\Pipeline->Illuminate\\Pipeline\\{closure}(Object(Illuminate\\Http\\Request))
#6 /Users/naingaunglu/Documents/NAL/Workspace/Work/demo-api/vendor/barryvdh/laravel-cors/src/HandleCors.php(36): Illuminate\\Routing\\Pipeline->Illuminate\\Routing\\{closure}(Object(Illuminate\\Http\\Request))
#7 /Users/naingaunglu/Documents/NAL/Workspace/Work/demo-api/vendor/laravel/framework/src/Illuminate/Pipeline/Pipeline.php(163): Barryvdh\\Cors\\HandleCors->handle(Object(Illuminate\\Http\\Request), Object(Closure))
#8 /Users/naingaunglu/Documents/NAL/Workspace/Work/demo-api/vendor/laravel/framework/src/Illuminate/Routing/Pipeline.php(53): Illuminate\\Pipeline\\Pipeline->Illuminate\\Pipeline\\{closure}(Object(Illuminate\\Http\\Request))
#9 /Users/naingaunglu/Documents/NAL/Workspace/Work/demo-api/vendor/laravel/framework/src/Illuminate/Pipeline/Pipeline.php(104): Illuminate\\Routing\\Pipeline->Illuminate\\Routing\\{closure}(Object(Illuminate\\Http\\Request))
#10 /Users/naingaunglu/Documents/NAL/Workspace/Work/demo-api/vendor/laravel/framework/src/Illuminate/Routing/Router.php(682): Illuminate\\Pipeline\\Pipeline->then(Object(Closure))
#11 /Users/naingaunglu/Documents/NAL/Workspace/Work/demo-api/vendor/laravel/framework/src/Illuminate/Routing/Router.php(657): Illuminate\\Routing\\Router->runRouteWithinStack(Object(Illuminate\\Routing\\Route), Object(Illuminate\\Http\\Request))
#12 /Users/naingaunglu/Documents/NAL/Workspace/Work/demo-api/vendor/laravel/framework/src/Illuminate/Routing/Router.php(623): Illuminate\\Routing\\Router->runRoute(Object(Illuminate\\Http\\Request), Object(Illuminate\\Routing\\Route))
#13 /Users/naingaunglu/Documents/NAL/Workspace/Work/demo-api/vendor/laravel/framework/src/Illuminate/Routing/Router.php(612): Illuminate\\Routing\\Router->dispatchToRoute(Object(Illuminate\\Http\\Request))
#14 /Users/naingaunglu/Documents/NAL/Workspace/Work/demo-api/vendor/laravel/framework/src/Illuminate/Foundation/Http/Kernel.php(176): Illuminate\\Routing\\Router->dispatch(Object(Illuminate\\Http\\Request))
#15 /Users/naingaunglu/Documents/NAL/Workspace/Work/demo-api/vendor/laravel/framework/src/Illuminate/Routing/Pipeline.php(30): Illuminate\\Foundation\\Http\\Kernel->Illuminate\\Foundation\\Http\\{closure}(Object(Illuminate\\Http\\Request))
#16 /Users/naingaunglu/Documents/NAL/Workspace/Work/demo-api/vendor/barryvdh/laravel-cors/src/HandleCors.php(36): Illuminate\\Routing\\Pipeline->Illuminate\\Routing\\{closure}(Object(Illuminate\\Http\\Request))
#17 /Users/naingaunglu/Documents/NAL/Workspace/Work/demo-api/vendor/laravel/framework/src/Illuminate/Pipeline/Pipeline.php(163): Barryvdh\\Cors\\HandleCors->handle(Object(Illuminate\\Http\\Request), Object(Closure))
#18 /Users/naingaunglu/Documents/NAL/Workspace/Work/demo-api/vendor/laravel/framework/src/Illuminate/Routing/Pipeline.php(53): Illuminate\\Pipeline\\Pipeline->Illuminate\\Pipeline\\{closure}(Object(Illuminate\\Http\\Request))
#19 /Users/naingaunglu/Documents/NAL/Workspace/Work/demo-api/vendor/fideloper/proxy/src/TrustProxies.php(57): Illuminate\\Routing\\Pipeline->Illuminate\\Routing\\{closure}(Object(Illuminate\\Http\\Request))
#20 /Users/naingaunglu/Documents/NAL/Workspace/Work/demo-api/vendor/laravel/framework/src/Illuminate/Pipeline/Pipeline.php(163): Fideloper\\Proxy\\TrustProxies->handle(Object(Illuminate\\Http\\Request), Object(Closure))
#21 /Users/naingaunglu/Documents/NAL/Workspace/Work/demo-api/vendor/laravel/framework/src/Illuminate/Routing/Pipeline.php(53): Illuminate\\Pipeline\\Pipeline->Illuminate\\Pipeline\\{closure}(Object(Illuminate\\Http\\Request))
#22 /Users/naingaunglu/Documents/NAL/Workspace/Work/demo-api/vendor/laravel/framework/src/Illuminate/Foundation/Http/Middleware/TransformsRequest.php(21): Illuminate\\Routing\\Pipeline->Illuminate\\Routing\\{closure}(Object(Illuminate\\Http\\Request))
#23 /Users/naingaunglu/Documents/NAL/Workspace/Work/demo-api/vendor/laravel/framework/src/Illuminate/Pipeline/Pipeline.php(163): Illuminate\\Foundation\\Http\\Middleware\\TransformsRequest->handle(Object(Illuminate\\Http\\Request), Object(Closure))
#24 /Users/naingaunglu/Documents/NAL/Workspace/Work/demo-api/vendor/laravel/framework/src/Illuminate/Routing/Pipeline.php(53): Illuminate\\Pipeline\\Pipeline->Illuminate\\Pipeline\\{closure}(Object(Illuminate\\Http\\Request))
#25 /Users/naingaunglu/Documents/NAL/Workspace/Work/demo-api/vendor/laravel/framework/src/Illuminate/Foundation/Http/Middleware/TransformsRequest.php(21): Illuminate\\Routing\\Pipeline->Illuminate\\Routing\\{closure}(Object(Illuminate\\Http\\Request))
#26 /Users/naingaunglu/Documents/NAL/Workspace/Work/demo-api/vendor/laravel/framework/src/Illuminate/Pipeline/Pipeline.php(163): Illuminate\\Foundation\\Http\\Middleware\\TransformsRequest->handle(Object(Illuminate\\Http\\Request), Object(Closure))
#27 /Users/naingaunglu/Documents/NAL/Workspace/Work/demo-api/vendor/laravel/framework/src/Illuminate/Routing/Pipeline.php(53): Illuminate\\Pipeline\\Pipeline->Illuminate\\Pipeline\\{closure}(Object(Illuminate\\Http\\Request))
#28 /Users/naingaunglu/Documents/NAL/Workspace/Work/demo-api/vendor/laravel/framework/src/Illuminate/Foundation/Http/Middleware/ValidatePostSize.php(27): Illuminate\\Routing\\Pipeline->Illuminate\\Routing\\{closure}(Object(Illuminate\\Http\\Request))
#29 /Users/naingaunglu/Documents/NAL/Workspace/Work/demo-api/vendor/laravel/framework/src/Illuminate/Pipeline/Pipeline.php(163): Illuminate\\Foundation\\Http\\Middleware\\ValidatePostSize->handle(Object(Illuminate\\Http\\Request), Object(Closure))
#30 /Users/naingaunglu/Documents/NAL/Workspace/Work/demo-api/vendor/laravel/framework/src/Illuminate/Routing/Pipeline.php(53): Illuminate\\Pipeline\\Pipeline->Illuminate\\Pipeline\\{closure}(Object(Illuminate\\Http\\Request))
#31 /Users/naingaunglu/Documents/NAL/Workspace/Work/demo-api/vendor/laravel/framework/src/Illuminate/Foundation/Http/Middleware/CheckForMaintenanceMode.php(62): Illuminate\\Routing\\Pipeline->Illuminate\\Routing\\{closure}(Object(Illuminate\\Http\\Request))
#32 /Users/naingaunglu/Documents/NAL/Workspace/Work/demo-api/vendor/laravel/framework/src/Illuminate/Pipeline/Pipeline.php(163): Illuminate\\Foundation\\Http\\Middleware\\CheckForMaintenanceMode->handle(Object(Illuminate\\Http\\Request), Object(Closure))
#33 /Users/naingaunglu/Documents/NAL/Workspace/Work/demo-api/vendor/laravel/framework/src/Illuminate/Routing/Pipeline.php(53): Illuminate\\Pipeline\\Pipeline->Illuminate\\Pipeline\\{closure}(Object(Illuminate\\Http\\Request))
#34 /Users/naingaunglu/Documents/NAL/Workspace/Work/demo-api/vendor/laravel/framework/src/Illuminate/Pipeline/Pipeline.php(104): Illuminate\\Routing\\Pipeline->Illuminate\\Routing\\{closure}(Object(Illuminate\\Http\\Request))
#35 /Users/naingaunglu/Documents/NAL/Workspace/Work/demo-api/vendor/laravel/framework/src/Illuminate/Foundation/Http/Kernel.php(151): Illuminate\\Pipeline\\Pipeline->then(Object(Closure))
#36 /Users/naingaunglu/Documents/NAL/Workspace/Work/demo-api/vendor/laravel/framework/src/Illuminate/Foundation/Http/Kernel.php(116): Illuminate\\Foundation\\Http\\Kernel->sendRequestThroughRouter(Object(Illuminate\\Http\\Request))
#37 /Users/naingaunglu/Documents/NAL/Workspace/Work/demo-api/public/index.php(55): Illuminate\\Foundation\\Http\\Kernel->handle(Object(Illuminate\\Http\\Request))
#38 /Users/naingaunglu/Documents/NAL/Workspace/Work/demo-api/server.php(21): require_once('/Users/naingaun...')
#39 {main}
"} 
[2019-10-23 12:01:42] local.ERROR: Class Jarplay\UserModule\Middleware\CheckToken does not exist {"userId":1,"exception":"[object] (ReflectionException(code: -1): Class Jarplay\\UserModule\\Middleware\\CheckToken does not exist at /Users/naingaunglu/Documents/NAL/Workspace/Work/demo-api/vendor/laravel/framework/src/Illuminate/Container/Container.php:788)
[stacktrace]
#0 /Users/naingaunglu/Documents/NAL/Workspace/Work/demo-api/vendor/laravel/framework/src/Illuminate/Container/Container.php(788): ReflectionClass->__construct('Jarplay\\\\UserMod...')
#1 /Users/naingaunglu/Documents/NAL/Workspace/Work/demo-api/vendor/laravel/framework/src/Illuminate/Container/Container.php(667): Illuminate\\Container\\Container->build('Jarplay\\\\UserMod...')
#2 /Users/naingaunglu/Documents/NAL/Workspace/Work/demo-api/vendor/laravel/framework/src/Illuminate/Container/Container.php(615): Illuminate\\Container\\Container->resolve('Jarplay\\\\UserMod...', Array)
#3 /Users/naingaunglu/Documents/NAL/Workspace/Work/demo-api/vendor/laravel/framework/src/Illuminate/Foundation/Application.php(767): Illuminate\\Container\\Container->make('Jarplay\\\\UserMod...', Array)
#4 /Users/naingaunglu/Documents/NAL/Workspace/Work/demo-api/vendor/laravel/framework/src/Illuminate/Foundation/Http/Kernel.php(215): Illuminate\\Foundation\\Application->make('Jarplay\\\\UserMod...')
#5 /Users/naingaunglu/Documents/NAL/Workspace/Work/demo-api/vendor/laravel/framework/src/Illuminate/Foundation/Http/Kernel.php(189): Illuminate\\Foundation\\Http\\Kernel->terminateMiddleware(Object(Illuminate\\Http\\Request), Object(Illuminate\\Http\\Response))
#6 /Users/naingaunglu/Documents/NAL/Workspace/Work/demo-api/public/index.php(60): Illuminate\\Foundation\\Http\\Kernel->terminate(Object(Illuminate\\Http\\Request), Object(Illuminate\\Http\\Response))
#7 /Users/naingaunglu/Documents/NAL/Workspace/Work/demo-api/server.php(21): require_once('/Users/naingaun...')
#8 {main}
"} 
[2019-10-23 12:04:10] local.ERROR: The "/Users/naingaunglu/Documents/NAL/Workspace/Work/demo-api/packages" directory does not exist. {"exception":"[object] (Symfony\\Component\\Finder\\Exception\\DirectoryNotFoundException(code: 0): The \"/Users/naingaunglu/Documents/NAL/Workspace/Work/demo-api/packages\" directory does not exist. at /Users/naingaunglu/Documents/NAL/Workspace/Work/demo-api/vendor/symfony/finder/Finder.php:601)
[stacktrace]
#0 /Users/naingaunglu/Documents/NAL/Workspace/Work/demo-api/vendor/zircote/swagger-php/src/Util.php(90): Symfony\\Component\\Finder\\Finder->in('/Users/naingaun...')
#1 /Users/naingaunglu/Documents/NAL/Workspace/Work/demo-api/vendor/zircote/swagger-php/src/functions.php(39): OpenApi\\Util::finder(Array, Array)
#2 /Users/naingaunglu/Documents/NAL/Workspace/Work/demo-api/vendor/darkaonline/l5-swagger/src/Generator.php(119): OpenApi\\scan(Array, Array)
#3 /Users/naingaunglu/Documents/NAL/Workspace/Work/demo-api/vendor/darkaonline/l5-swagger/src/Generator.php(66): L5Swagger\\Generator->scanFilesForDocumentation()
#4 /Users/naingaunglu/Documents/NAL/Workspace/Work/demo-api/vendor/darkaonline/l5-swagger/src/Console/GenerateDocsCommand.php(32): L5Swagger\\Generator::generateDocs()
#5 [internal function]: L5Swagger\\Console\\GenerateDocsCommand->handle()
#6 /Users/naingaunglu/Documents/NAL/Workspace/Work/demo-api/vendor/laravel/framework/src/Illuminate/Container/BoundMethod.php(32): call_user_func_array(Array, Array)
#7 /Users/naingaunglu/Documents/NAL/Workspace/Work/demo-api/vendor/laravel/framework/src/Illuminate/Container/BoundMethod.php(90): Illuminate\\Container\\BoundMethod::Illuminate\\Container\\{closure}()
#8 /Users/naingaunglu/Documents/NAL/Workspace/Work/demo-api/vendor/laravel/framework/src/Illuminate/Container/BoundMethod.php(34): Illuminate\\Container\\BoundMethod::callBoundMethod(Object(Illuminate\\Foundation\\Application), Array, Object(Closure))
#9 /Users/naingaunglu/Documents/NAL/Workspace/Work/demo-api/vendor/laravel/framework/src/Illuminate/Container/Container.php(576): Illuminate\\Container\\BoundMethod::call(Object(Illuminate\\Foundation\\Application), Array, Array, NULL)
#10 /Users/naingaunglu/Documents/NAL/Workspace/Work/demo-api/vendor/laravel/framework/src/Illuminate/Console/Command.php(183): Illuminate\\Container\\Container->call(Array)
#11 /Users/naingaunglu/Documents/NAL/Workspace/Work/demo-api/vendor/symfony/console/Command/Command.php(255): Illuminate\\Console\\Command->execute(Object(Symfony\\Component\\Console\\Input\\ArgvInput), Object(Illuminate\\Console\\OutputStyle))
#12 /Users/naingaunglu/Documents/NAL/Workspace/Work/demo-api/vendor/laravel/framework/src/Illuminate/Console/Command.php(170): Symfony\\Component\\Console\\Command\\Command->run(Object(Symfony\\Component\\Console\\Input\\ArgvInput), Object(Illuminate\\Console\\OutputStyle))
#13 /Users/naingaunglu/Documents/NAL/Workspace/Work/demo-api/vendor/symfony/console/Application.php(915): Illuminate\\Console\\Command->run(Object(Symfony\\Component\\Console\\Input\\ArgvInput), Object(Symfony\\Component\\Console\\Output\\ConsoleOutput))
#14 /Users/naingaunglu/Documents/NAL/Workspace/Work/demo-api/vendor/symfony/console/Application.php(272): Symfony\\Component\\Console\\Application->doRunCommand(Object(L5Swagger\\Console\\GenerateDocsCommand), Object(Symfony\\Component\\Console\\Input\\ArgvInput), Object(Symfony\\Component\\Console\\Output\\ConsoleOutput))
#15 /Users/naingaunglu/Documents/NAL/Workspace/Work/demo-api/vendor/symfony/console/Application.php(148): Symfony\\Component\\Console\\Application->doRun(Object(Symfony\\Component\\Console\\Input\\ArgvInput), Object(Symfony\\Component\\Console\\Output\\ConsoleOutput))
#16 /Users/naingaunglu/Documents/NAL/Workspace/Work/demo-api/vendor/laravel/framework/src/Illuminate/Console/Application.php(90): Symfony\\Component\\Console\\Application->run(Object(Symfony\\Component\\Console\\Input\\ArgvInput), Object(Symfony\\Component\\Console\\Output\\ConsoleOutput))
#17 /Users/naingaunglu/Documents/NAL/Workspace/Work/demo-api/vendor/laravel/framework/src/Illuminate/Foundation/Console/Kernel.php(133): Illuminate\\Console\\Application->run(Object(Symfony\\Component\\Console\\Input\\ArgvInput), Object(Symfony\\Component\\Console\\Output\\ConsoleOutput))
#18 /Users/naingaunglu/Documents/NAL/Workspace/Work/demo-api/artisan(37): Illuminate\\Foundation\\Console\\Kernel->handle(Object(Symfony\\Component\\Console\\Input\\ArgvInput), Object(Symfony\\Component\\Console\\Output\\ConsoleOutput))
#19 {main}
"} 
[2019-10-23 12:04:17] local.ERROR: Too many arguments, expected arguments "command". {"exception":"[object] (Symfony\\Component\\Console\\Exception\\RuntimeException(code: 0): Too many arguments, expected arguments \"command\". at /Users/naingaunglu/Documents/NAL/Workspace/Work/demo-api/vendor/symfony/console/Input/ArgvInput.php:183)
[stacktrace]
#0 /Users/naingaunglu/Documents/NAL/Workspace/Work/demo-api/vendor/symfony/console/Input/ArgvInput.php(86): Symfony\\Component\\Console\\Input\\ArgvInput->parseArgument('seed')
#1 /Users/naingaunglu/Documents/NAL/Workspace/Work/demo-api/vendor/symfony/console/Input/Input.php(55): Symfony\\Component\\Console\\Input\\ArgvInput->parse()
#2 /Users/naingaunglu/Documents/NAL/Workspace/Work/demo-api/vendor/symfony/console/Command/Command.php(214): Symfony\\Component\\Console\\Input\\Input->bind(Object(Symfony\\Component\\Console\\Input\\InputDefinition))
#3 /Users/naingaunglu/Documents/NAL/Workspace/Work/demo-api/vendor/laravel/framework/src/Illuminate/Console/Command.php(170): Symfony\\Component\\Console\\Command\\Command->run(Object(Symfony\\Component\\Console\\Input\\ArgvInput), Object(Illuminate\\Console\\OutputStyle))
#4 /Users/naingaunglu/Documents/NAL/Workspace/Work/demo-api/vendor/symfony/console/Application.php(915): Illuminate\\Console\\Command->run(Object(Symfony\\Component\\Console\\Input\\ArgvInput), Object(Symfony\\Component\\Console\\Output\\ConsoleOutput))
#5 /Users/naingaunglu/Documents/NAL/Workspace/Work/demo-api/vendor/symfony/console/Application.php(272): Symfony\\Component\\Console\\Application->doRunCommand(Object(Illuminate\\Database\\Console\\Migrations\\MigrateCommand), Object(Symfony\\Component\\Console\\Input\\ArgvInput), Object(Symfony\\Component\\Console\\Output\\ConsoleOutput))
#6 /Users/naingaunglu/Documents/NAL/Workspace/Work/demo-api/vendor/symfony/console/Application.php(148): Symfony\\Component\\Console\\Application->doRun(Object(Symfony\\Component\\Console\\Input\\ArgvInput), Object(Symfony\\Component\\Console\\Output\\ConsoleOutput))
#7 /Users/naingaunglu/Documents/NAL/Workspace/Work/demo-api/vendor/laravel/framework/src/Illuminate/Console/Application.php(90): Symfony\\Component\\Console\\Application->run(Object(Symfony\\Component\\Console\\Input\\ArgvInput), Object(Symfony\\Component\\Console\\Output\\ConsoleOutput))
#8 /Users/naingaunglu/Documents/NAL/Workspace/Work/demo-api/vendor/laravel/framework/src/Illuminate/Foundation/Console/Kernel.php(133): Illuminate\\Console\\Application->run(Object(Symfony\\Component\\Console\\Input\\ArgvInput), Object(Symfony\\Component\\Console\\Output\\ConsoleOutput))
#9 /Users/naingaunglu/Documents/NAL/Workspace/Work/demo-api/artisan(37): Illuminate\\Foundation\\Console\\Kernel->handle(Object(Symfony\\Component\\Console\\Input\\ArgvInput), Object(Symfony\\Component\\Console\\Output\\ConsoleOutput))
#10 {main}
"} 
[2019-10-23 12:04:32] local.ERROR: The "/Users/naingaunglu/Documents/NAL/Workspace/Work/demo-api/packages" directory does not exist. {"exception":"[object] (Symfony\\Component\\Finder\\Exception\\DirectoryNotFoundException(code: 0): The \"/Users/naingaunglu/Documents/NAL/Workspace/Work/demo-api/packages\" directory does not exist. at /Users/naingaunglu/Documents/NAL/Workspace/Work/demo-api/vendor/symfony/finder/Finder.php:601)
[stacktrace]
#0 /Users/naingaunglu/Documents/NAL/Workspace/Work/demo-api/vendor/zircote/swagger-php/src/Util.php(90): Symfony\\Component\\Finder\\Finder->in('/Users/naingaun...')
#1 /Users/naingaunglu/Documents/NAL/Workspace/Work/demo-api/vendor/zircote/swagger-php/src/functions.php(39): OpenApi\\Util::finder(Array, Array)
#2 /Users/naingaunglu/Documents/NAL/Workspace/Work/demo-api/vendor/darkaonline/l5-swagger/src/Generator.php(119): OpenApi\\scan(Array, Array)
#3 /Users/naingaunglu/Documents/NAL/Workspace/Work/demo-api/vendor/darkaonline/l5-swagger/src/Generator.php(66): L5Swagger\\Generator->scanFilesForDocumentation()
#4 /Users/naingaunglu/Documents/NAL/Workspace/Work/demo-api/vendor/darkaonline/l5-swagger/src/Console/GenerateDocsCommand.php(32): L5Swagger\\Generator::generateDocs()
#5 [internal function]: L5Swagger\\Console\\GenerateDocsCommand->handle()
#6 /Users/naingaunglu/Documents/NAL/Workspace/Work/demo-api/vendor/laravel/framework/src/Illuminate/Container/BoundMethod.php(32): call_user_func_array(Array, Array)
#7 /Users/naingaunglu/Documents/NAL/Workspace/Work/demo-api/vendor/laravel/framework/src/Illuminate/Container/BoundMethod.php(90): Illuminate\\Container\\BoundMethod::Illuminate\\Container\\{closure}()
#8 /Users/naingaunglu/Documents/NAL/Workspace/Work/demo-api/vendor/laravel/framework/src/Illuminate/Container/BoundMethod.php(34): Illuminate\\Container\\BoundMethod::callBoundMethod(Object(Illuminate\\Foundation\\Application), Array, Object(Closure))
#9 /Users/naingaunglu/Documents/NAL/Workspace/Work/demo-api/vendor/laravel/framework/src/Illuminate/Container/Container.php(576): Illuminate\\Container\\BoundMethod::call(Object(Illuminate\\Foundation\\Application), Array, Array, NULL)
#10 /Users/naingaunglu/Documents/NAL/Workspace/Work/demo-api/vendor/laravel/framework/src/Illuminate/Console/Command.php(183): Illuminate\\Container\\Container->call(Array)
#11 /Users/naingaunglu/Documents/NAL/Workspace/Work/demo-api/vendor/symfony/console/Command/Command.php(255): Illuminate\\Console\\Command->execute(Object(Symfony\\Component\\Console\\Input\\ArgvInput), Object(Illuminate\\Console\\OutputStyle))
#12 /Users/naingaunglu/Documents/NAL/Workspace/Work/demo-api/vendor/laravel/framework/src/Illuminate/Console/Command.php(170): Symfony\\Component\\Console\\Command\\Command->run(Object(Symfony\\Component\\Console\\Input\\ArgvInput), Object(Illuminate\\Console\\OutputStyle))
#13 /Users/naingaunglu/Documents/NAL/Workspace/Work/demo-api/vendor/symfony/console/Application.php(915): Illuminate\\Console\\Command->run(Object(Symfony\\Component\\Console\\Input\\ArgvInput), Object(Symfony\\Component\\Console\\Output\\ConsoleOutput))
#14 /Users/naingaunglu/Documents/NAL/Workspace/Work/demo-api/vendor/symfony/console/Application.php(272): Symfony\\Component\\Console\\Application->doRunCommand(Object(L5Swagger\\Console\\GenerateDocsCommand), Object(Symfony\\Component\\Console\\Input\\ArgvInput), Object(Symfony\\Component\\Console\\Output\\ConsoleOutput))
#15 /Users/naingaunglu/Documents/NAL/Workspace/Work/demo-api/vendor/symfony/console/Application.php(148): Symfony\\Component\\Console\\Application->doRun(Object(Symfony\\Component\\Console\\Input\\ArgvInput), Object(Symfony\\Component\\Console\\Output\\ConsoleOutput))
#16 /Users/naingaunglu/Documents/NAL/Workspace/Work/demo-api/vendor/laravel/framework/src/Illuminate/Console/Application.php(90): Symfony\\Component\\Console\\Application->run(Object(Symfony\\Component\\Console\\Input\\ArgvInput), Object(Symfony\\Component\\Console\\Output\\ConsoleOutput))
#17 /Users/naingaunglu/Documents/NAL/Workspace/Work/demo-api/vendor/laravel/framework/src/Illuminate/Foundation/Console/Kernel.php(133): Illuminate\\Console\\Application->run(Object(Symfony\\Component\\Console\\Input\\ArgvInput), Object(Symfony\\Component\\Console\\Output\\ConsoleOutput))
#18 /Users/naingaunglu/Documents/NAL/Workspace/Work/demo-api/artisan(37): Illuminate\\Foundation\\Console\\Kernel->handle(Object(Symfony\\Component\\Console\\Input\\ArgvInput), Object(Symfony\\Component\\Console\\Output\\ConsoleOutput))
#19 {main}
"} 
[2019-10-23 12:05:54] local.DEBUG: array (
  'table_name' => 'products',
  'model_name' => 'Product',
  'variable_name' => 'product',
  'title' => 'Product',
  'route' => 'product',
  'storage_path' => '/Users/naingaunglu/Documents/NAL/Workspace/Work/demo-api/storage/app/public',
  'blueprint_path' => '/Users/naingaunglu/Documents/NAL/Workspace/Work/demo-api/storage/blueprints',
  'workspace' => 'app',
  'workspace_name' => 'App',
  'namespace' => 'App',
  'base_path' => '/Users/naingaunglu/Documents/NAL/Workspace/Work/demo-api/app',
)  
